#
# There is insufficient memory for the Java Runtime Environment to continue.
# Native memory allocation (malloc) failed to allocate 413088 bytes for Chunk::new
# Possible reasons:
#   The system is out of physical RAM or swap space
#   The process is running with CompressedOops enabled, and the Java Heap may be blocking the growth of the native heap
# Possible solutions:
#   Reduce memory load on the system
#   Increase physical memory or swap space
#   Check if swap backing store is full
#   Decrease Java heap size (-Xmx/-Xms)
#   Decrease number of Java threads
#   Decrease Java thread stack sizes (-Xss)
#   Set larger code cache with -XX:ReservedCodeCacheSize=
#   JVM is running with Zero Based Compressed Oops mode in which the Java heap is
#     placed in the first 32GB address space. The Java Heap base address is the
#     maximum limit for the native heap growth. Please use -XX:HeapBaseMinAddress
#     to set the Java Heap base and to place the Java Heap above 32GB virtual address.
# This output file may be truncated or incomplete.
#
#  Out of Memory Error (arena.cpp:195), pid=26460, tid=22784
#
# JRE version: OpenJDK Runtime Environment Corretto-16.0.2.7.1 (16.0.2+7) (build 16.0.2+7)
# Java VM: OpenJDK 64-Bit Server VM Corretto-16.0.2.7.1 (16.0.2+7, mixed mode, sharing, tiered, compressed oops, compressed class ptrs, g1 gc, windows-amd64)
# No core dump will be written. Minidumps are not enabled by default on client versions of Windows
#

---------------  S U M M A R Y ------------

Command Line: -Dmaven.multiModuleProjectDirectory=C:\Users\hishh\IdeaProjects\Drawer -Dmaven.home=C:\Program Files\JetBrains\IntelliJ IDEA 2022.1.4\plugins\maven\lib\maven3 -Dclassworlds.conf=C:\Program Files\JetBrains\IntelliJ IDEA 2022.1.4\plugins\maven\lib\maven3\bin\m2.conf -Dmaven.ext.class.path=C:\Program Files\JetBrains\IntelliJ IDEA 2022.1.4\plugins\maven\lib\maven-event-listener.jar -javaagent:C:\Program Files\JetBrains\IntelliJ IDEA 2022.1.4\lib\idea_rt.jar=60903:C:\Program Files\JetBrains\IntelliJ IDEA 2022.1.4\bin -Dfile.encoding=UTF-8 org.codehaus.classworlds.Launcher -Didea.version=2022.1.4 clean install

Host: Intel(R) Core(TM) i5-10300H CPU @ 2.50GHz, 8 cores, 15G,  Windows 10 , 64 bit Build 19041 (10.0.19041.3636)
Time: Mon Feb 12 17:21:46 2024 Paris, Madrid elapsed time: 0.823095 seconds (0d 0h 0m 0s)

---------------  T H R E A D  ---------------

Current thread (0x000002c8cf8ceb70):  JavaThread "C2 CompilerThread0" daemon [_thread_in_native, id=22784, stack(0x000000d7e8800000,0x000000d7e8900000)]


Current CompileTask:
C2:    823 1074       4       org.codehaus.plexus.util.xml.XmlReader::read (11 bytes)

Stack: [0x000000d7e8800000,0x000000d7e8900000]
Native frames: (J=compiled Java code, j=interpreted, Vv=VM code, C=native code)
V  [jvm.dll+0x647e0a]
V  [jvm.dll+0x7f0549]
V  [jvm.dll+0x7f1cfe]
V  [jvm.dll+0x7f2343]
V  [jvm.dll+0x23dd88]
V  [jvm.dll+0xc879a]
V  [jvm.dll+0xc8d4c]
V  [jvm.dll+0x351627]
V  [jvm.dll+0x1b750c]
V  [jvm.dll+0x210a7f]
V  [jvm.dll+0x20ff17]
V  [jvm.dll+0x1a0d9b]
V  [jvm.dll+0x21f909]
V  [jvm.dll+0x21da9b]
V  [jvm.dll+0x7a8662]
V  [jvm.dll+0x7a223a]
V  [jvm.dll+0x646c46]
C  [ucrtbase.dll+0x21bb2]
C  [KERNEL32.DLL+0x17344]
C  [ntdll.dll+0x526b1]


---------------  P R O C E S S  ---------------

Threads class SMR info:
_java_thread_list=0x000002c8d0b1e180, length=14, elements={
0x000002c8abaf59d0, 0x000002c8cf8b3900, 0x000002c8cf8b4f60, 0x000002c8cf8be010,
0x000002c8cf8c0a20, 0x000002c8cf8c3bd0, 0x000002c8cf8cc290, 0x000002c8cf8ceb70,
0x000002c8cf8d5e20, 0x000002c8cf8ddbc0, 0x000002c8cf897690, 0x000002c8d05e5910,
0x000002c8d05eb260, 0x000002c8d0c40860
}

Java Threads: ( => current thread )
  0x000002c8abaf59d0 JavaThread "main" [_thread_in_vm, id=42712, stack(0x000000d7e7b00000,0x000000d7e7c00000)]
  0x000002c8cf8b3900 JavaThread "Reference Handler" daemon [_thread_blocked, id=35796, stack(0x000000d7e8200000,0x000000d7e8300000)]
  0x000002c8cf8b4f60 JavaThread "Finalizer" daemon [_thread_blocked, id=4220, stack(0x000000d7e8300000,0x000000d7e8400000)]
  0x000002c8cf8be010 JavaThread "Signal Dispatcher" daemon [_thread_blocked, id=32228, stack(0x000000d7e8400000,0x000000d7e8500000)]
  0x000002c8cf8c0a20 JavaThread "Attach Listener" daemon [_thread_blocked, id=35564, stack(0x000000d7e8500000,0x000000d7e8600000)]
  0x000002c8cf8c3bd0 JavaThread "Service Thread" daemon [_thread_blocked, id=27408, stack(0x000000d7e8600000,0x000000d7e8700000)]
  0x000002c8cf8cc290 JavaThread "Monitor Deflation Thread" daemon [_thread_blocked, id=4452, stack(0x000000d7e8700000,0x000000d7e8800000)]
=>0x000002c8cf8ceb70 JavaThread "C2 CompilerThread0" daemon [_thread_in_native, id=22784, stack(0x000000d7e8800000,0x000000d7e8900000)]
  0x000002c8cf8d5e20 JavaThread "C1 CompilerThread0" daemon [_thread_blocked, id=37192, stack(0x000000d7e8900000,0x000000d7e8a00000)]
  0x000002c8cf8ddbc0 JavaThread "Sweeper thread" daemon [_thread_blocked, id=34168, stack(0x000000d7e8a00000,0x000000d7e8b00000)]
  0x000002c8cf897690 JavaThread "Common-Cleaner" daemon [_thread_blocked, id=31444, stack(0x000000d7e8b00000,0x000000d7e8c00000)]
  0x000002c8d05e5910 JavaThread "Monitor Ctrl-Break" daemon [_thread_in_native, id=36340, stack(0x000000d7e8c00000,0x000000d7e8d00000)]
  0x000002c8d05eb260 JavaThread "Notification Thread" daemon [_thread_blocked, id=26832, stack(0x000000d7e8d00000,0x000000d7e8e00000)]
  0x000002c8d0c40860 JavaThread "C2 CompilerThread1" daemon [_thread_in_native, id=27836, stack(0x000000d7e8f00000,0x000000d7e9000000)]

Other Threads:
  0x000002c8cf8ae510 VMThread "VM Thread" [stack: 0x000000d7e8100000,0x000000d7e8200000] [id=21860]
  0x000002c8d05e5330 WatcherThread [stack: 0x000000d7e8e00000,0x000000d7e8f00000] [id=10440]
  0x000002c8abb47cf0 GCTaskThread "GC Thread#0" [stack: 0x000000d7e7c00000,0x000000d7e7d00000] [id=35776]
  0x000002c8d0d874e0 GCTaskThread "GC Thread#1" [stack: 0x000000d7e9000000,0x000000d7e9100000] [id=29972]
  0x000002c8d0d87b00 GCTaskThread "GC Thread#2" [stack: 0x000000d7e9100000,0x000000d7e9200000] [id=34952]
  0x000002c8d0d88740 GCTaskThread "GC Thread#3" [stack: 0x000000d7e9200000,0x000000d7e9300000] [id=38972]
  0x000002c8d0d88430 GCTaskThread "GC Thread#4" [stack: 0x000000d7e9300000,0x000000d7e9400000] [id=29712]
  0x000002c8d0d88120 GCTaskThread "GC Thread#5" [stack: 0x000000d7e9400000,0x000000d7e9500000] [id=16744]
  0x000002c8d0d87e10 GCTaskThread "GC Thread#6" [stack: 0x000000d7e9500000,0x000000d7e9600000] [id=21084]
  0x000002c8d0d86ec0 GCTaskThread "GC Thread#7" [stack: 0x000000d7e9600000,0x000000d7e9700000] [id=31504]
  0x000002c8abb58b50 ConcurrentGCThread "G1 Main Marker" [stack: 0x000000d7e7d00000,0x000000d7e7e00000] [id=33340]
  0x000002c8abb5a130 ConcurrentGCThread "G1 Conc#0" [stack: 0x000000d7e7e00000,0x000000d7e7f00000] [id=7440]
  0x000002c8cf7620d0 ConcurrentGCThread "G1 Refine#0" [stack: 0x000000d7e7f00000,0x000000d7e8000000] [id=30476]
  0x000002c8cf762a60 ConcurrentGCThread "G1 Service" [stack: 0x000000d7e8000000,0x000000d7e8100000] [id=35552]

Threads with active compile tasks:
C2 CompilerThread0      877 1074       4       org.codehaus.plexus.util.xml.XmlReader::read (11 bytes)
C2 CompilerThread1      877 1114       4       sun.nio.cs.StreamDecoder::implRead (243 bytes)

VM state: not at safepoint (normal execution)

VM Mutex/Monitor currently owned by a thread: None

Heap address: 0x0000000702a00000, size: 4054 MB, Compressed Oops mode: Zero based, Oop shift amount: 3

CDS archive(s) mapped at: [0x0000000800000000-0x0000000800be0000-0x0000000800be0000), size 12451840, SharedBaseAddress: 0x0000000800000000, ArchiveRelocationMode: 0.
Compressed class space mapped at: 0x0000000800c00000-0x0000000840c00000, reserved size: 1073741824
Narrow klass base: 0x0000000800000000, Narrow klass shift: 3, Narrow klass range: 0x100000000

GC Precious Log:
 CPUs: 8 total, 8 available
 Memory: 16215M
 Large Page Support: Disabled
 NUMA Support: Disabled
 Compressed Oops: Enabled (Zero based)
 Heap Region Size: 2M
 Heap Min Capacity: 8M
 Heap Initial Capacity: 254M
 Heap Max Capacity: 4054M
 Pre-touch: Disabled
 Parallel Workers: 8
 Concurrent Workers: 2
 Concurrent Refinement Workers: 8
 Periodic GC: Disabled

Heap:
 garbage-first heap   total 260096K, used 9899K [0x0000000702a00000, 0x0000000800000000)
  region size 2048K, 6 young (12288K), 2 survivors (4096K)
 Metaspace       used 6243K, committed 6400K, reserved 1056768K
  class space    used 683K, committed 768K, reserved 1048576K

Heap Regions: E=young(eden), S=young(survivor), O=old, HS=humongous(starts), HC=humongous(continues), CS=collection set, F=free, OA=open archive, CA=closed archive, TAMS=top-at-mark-start (previous, next)
|   0|0x0000000702a00000, 0x0000000702a00000, 0x0000000702c00000|  0%| F|  |TAMS 0x0000000702a00000, 0x0000000702a00000| Untracked 
|   1|0x0000000702c00000, 0x0000000702c00000, 0x0000000702e00000|  0%| F|  |TAMS 0x0000000702c00000, 0x0000000702c00000| Untracked 
|   2|0x0000000702e00000, 0x0000000702e00000, 0x0000000703000000|  0%| F|  |TAMS 0x0000000702e00000, 0x0000000702e00000| Untracked 
|   3|0x0000000703000000, 0x0000000703000000, 0x0000000703200000|  0%| F|  |TAMS 0x0000000703000000, 0x0000000703000000| Untracked 
|   4|0x0000000703200000, 0x0000000703200000, 0x0000000703400000|  0%| F|  |TAMS 0x0000000703200000, 0x0000000703200000| Untracked 
|   5|0x0000000703400000, 0x0000000703400000, 0x0000000703600000|  0%| F|  |TAMS 0x0000000703400000, 0x0000000703400000| Untracked 
|   6|0x0000000703600000, 0x0000000703600000, 0x0000000703800000|  0%| F|  |TAMS 0x0000000703600000, 0x0000000703600000| Untracked 
|   7|0x0000000703800000, 0x0000000703800000, 0x0000000703a00000|  0%| F|  |TAMS 0x0000000703800000, 0x0000000703800000| Untracked 
|   8|0x0000000703a00000, 0x0000000703a00000, 0x0000000703c00000|  0%| F|  |TAMS 0x0000000703a00000, 0x0000000703a00000| Untracked 
|   9|0x0000000703c00000, 0x0000000703c00000, 0x0000000703e00000|  0%| F|  |TAMS 0x0000000703c00000, 0x0000000703c00000| Untracked 
|  10|0x0000000703e00000, 0x0000000703e00000, 0x0000000704000000|  0%| F|  |TAMS 0x0000000703e00000, 0x0000000703e00000| Untracked 
|  11|0x0000000704000000, 0x0000000704000000, 0x0000000704200000|  0%| F|  |TAMS 0x0000000704000000, 0x0000000704000000| Untracked 
|  12|0x0000000704200000, 0x0000000704200000, 0x0000000704400000|  0%| F|  |TAMS 0x0000000704200000, 0x0000000704200000| Untracked 
|  13|0x0000000704400000, 0x0000000704400000, 0x0000000704600000|  0%| F|  |TAMS 0x0000000704400000, 0x0000000704400000| Untracked 
|  14|0x0000000704600000, 0x0000000704600000, 0x0000000704800000|  0%| F|  |TAMS 0x0000000704600000, 0x0000000704600000| Untracked 
|  15|0x0000000704800000, 0x0000000704800000, 0x0000000704a00000|  0%| F|  |TAMS 0x0000000704800000, 0x0000000704800000| Untracked 
|  16|0x0000000704a00000, 0x0000000704a00000, 0x0000000704c00000|  0%| F|  |TAMS 0x0000000704a00000, 0x0000000704a00000| Untracked 
|  17|0x0000000704c00000, 0x0000000704c00000, 0x0000000704e00000|  0%| F|  |TAMS 0x0000000704c00000, 0x0000000704c00000| Untracked 
|  18|0x0000000704e00000, 0x0000000704e00000, 0x0000000705000000|  0%| F|  |TAMS 0x0000000704e00000, 0x0000000704e00000| Untracked 
|  19|0x0000000705000000, 0x0000000705000000, 0x0000000705200000|  0%| F|  |TAMS 0x0000000705000000, 0x0000000705000000| Untracked 
|  20|0x0000000705200000, 0x0000000705200000, 0x0000000705400000|  0%| F|  |TAMS 0x0000000705200000, 0x0000000705200000| Untracked 
|  21|0x0000000705400000, 0x0000000705400000, 0x0000000705600000|  0%| F|  |TAMS 0x0000000705400000, 0x0000000705400000| Untracked 
|  22|0x0000000705600000, 0x0000000705600000, 0x0000000705800000|  0%| F|  |TAMS 0x0000000705600000, 0x0000000705600000| Untracked 
|  23|0x0000000705800000, 0x0000000705800000, 0x0000000705a00000|  0%| F|  |TAMS 0x0000000705800000, 0x0000000705800000| Untracked 
|  24|0x0000000705a00000, 0x0000000705a00000, 0x0000000705c00000|  0%| F|  |TAMS 0x0000000705a00000, 0x0000000705a00000| Untracked 
|  25|0x0000000705c00000, 0x0000000705c00000, 0x0000000705e00000|  0%| F|  |TAMS 0x0000000705c00000, 0x0000000705c00000| Untracked 
|  26|0x0000000705e00000, 0x0000000705e00000, 0x0000000706000000|  0%| F|  |TAMS 0x0000000705e00000, 0x0000000705e00000| Untracked 
|  27|0x0000000706000000, 0x0000000706000000, 0x0000000706200000|  0%| F|  |TAMS 0x0000000706000000, 0x0000000706000000| Untracked 
|  28|0x0000000706200000, 0x0000000706200000, 0x0000000706400000|  0%| F|  |TAMS 0x0000000706200000, 0x0000000706200000| Untracked 
|  29|0x0000000706400000, 0x0000000706400000, 0x0000000706600000|  0%| F|  |TAMS 0x0000000706400000, 0x0000000706400000| Untracked 
|  30|0x0000000706600000, 0x0000000706600000, 0x0000000706800000|  0%| F|  |TAMS 0x0000000706600000, 0x0000000706600000| Untracked 
|  31|0x0000000706800000, 0x0000000706800000, 0x0000000706a00000|  0%| F|  |TAMS 0x0000000706800000, 0x0000000706800000| Untracked 
|  32|0x0000000706a00000, 0x0000000706a00000, 0x0000000706c00000|  0%| F|  |TAMS 0x0000000706a00000, 0x0000000706a00000| Untracked 
|  33|0x0000000706c00000, 0x0000000706c00000, 0x0000000706e00000|  0%| F|  |TAMS 0x0000000706c00000, 0x0000000706c00000| Untracked 
|  34|0x0000000706e00000, 0x0000000706e00000, 0x0000000707000000|  0%| F|  |TAMS 0x0000000706e00000, 0x0000000706e00000| Untracked 
|  35|0x0000000707000000, 0x0000000707000000, 0x0000000707200000|  0%| F|  |TAMS 0x0000000707000000, 0x0000000707000000| Untracked 
|  36|0x0000000707200000, 0x0000000707200000, 0x0000000707400000|  0%| F|  |TAMS 0x0000000707200000, 0x0000000707200000| Untracked 
|  37|0x0000000707400000, 0x0000000707400000, 0x0000000707600000|  0%| F|  |TAMS 0x0000000707400000, 0x0000000707400000| Untracked 
|  38|0x0000000707600000, 0x0000000707600000, 0x0000000707800000|  0%| F|  |TAMS 0x0000000707600000, 0x0000000707600000| Untracked 
|  39|0x0000000707800000, 0x0000000707800000, 0x0000000707a00000|  0%| F|  |TAMS 0x0000000707800000, 0x0000000707800000| Untracked 
|  40|0x0000000707a00000, 0x0000000707a00000, 0x0000000707c00000|  0%| F|  |TAMS 0x0000000707a00000, 0x0000000707a00000| Untracked 
|  41|0x0000000707c00000, 0x0000000707c00000, 0x0000000707e00000|  0%| F|  |TAMS 0x0000000707c00000, 0x0000000707c00000| Untracked 
|  42|0x0000000707e00000, 0x0000000707e00000, 0x0000000708000000|  0%| F|  |TAMS 0x0000000707e00000, 0x0000000707e00000| Untracked 
|  43|0x0000000708000000, 0x0000000708000000, 0x0000000708200000|  0%| F|  |TAMS 0x0000000708000000, 0x0000000708000000| Untracked 
|  44|0x0000000708200000, 0x0000000708200000, 0x0000000708400000|  0%| F|  |TAMS 0x0000000708200000, 0x0000000708200000| Untracked 
|  45|0x0000000708400000, 0x0000000708400000, 0x0000000708600000|  0%| F|  |TAMS 0x0000000708400000, 0x0000000708400000| Untracked 
|  46|0x0000000708600000, 0x0000000708600000, 0x0000000708800000|  0%| F|  |TAMS 0x0000000708600000, 0x0000000708600000| Untracked 
|  47|0x0000000708800000, 0x0000000708800000, 0x0000000708a00000|  0%| F|  |TAMS 0x0000000708800000, 0x0000000708800000| Untracked 
|  48|0x0000000708a00000, 0x0000000708a00000, 0x0000000708c00000|  0%| F|  |TAMS 0x0000000708a00000, 0x0000000708a00000| Untracked 
|  49|0x0000000708c00000, 0x0000000708c00000, 0x0000000708e00000|  0%| F|  |TAMS 0x0000000708c00000, 0x0000000708c00000| Untracked 
|  50|0x0000000708e00000, 0x0000000708e00000, 0x0000000709000000|  0%| F|  |TAMS 0x0000000708e00000, 0x0000000708e00000| Untracked 
|  51|0x0000000709000000, 0x0000000709000000, 0x0000000709200000|  0%| F|  |TAMS 0x0000000709000000, 0x0000000709000000| Untracked 
|  52|0x0000000709200000, 0x0000000709200000, 0x0000000709400000|  0%| F|  |TAMS 0x0000000709200000, 0x0000000709200000| Untracked 
|  53|0x0000000709400000, 0x0000000709400000, 0x0000000709600000|  0%| F|  |TAMS 0x0000000709400000, 0x0000000709400000| Untracked 
|  54|0x0000000709600000, 0x0000000709600000, 0x0000000709800000|  0%| F|  |TAMS 0x0000000709600000, 0x0000000709600000| Untracked 
|  55|0x0000000709800000, 0x0000000709800000, 0x0000000709a00000|  0%| F|  |TAMS 0x0000000709800000, 0x0000000709800000| Untracked 
|  56|0x0000000709a00000, 0x0000000709a00000, 0x0000000709c00000|  0%| F|  |TAMS 0x0000000709a00000, 0x0000000709a00000| Untracked 
|  57|0x0000000709c00000, 0x0000000709c00000, 0x0000000709e00000|  0%| F|  |TAMS 0x0000000709c00000, 0x0000000709c00000| Untracked 
|  58|0x0000000709e00000, 0x0000000709e00000, 0x000000070a000000|  0%| F|  |TAMS 0x0000000709e00000, 0x0000000709e00000| Untracked 
|  59|0x000000070a000000, 0x000000070a000000, 0x000000070a200000|  0%| F|  |TAMS 0x000000070a000000, 0x000000070a000000| Untracked 
|  60|0x000000070a200000, 0x000000070a200000, 0x000000070a400000|  0%| F|  |TAMS 0x000000070a200000, 0x000000070a200000| Untracked 
|  61|0x000000070a400000, 0x000000070a400000, 0x000000070a600000|  0%| F|  |TAMS 0x000000070a400000, 0x000000070a400000| Untracked 
|  62|0x000000070a600000, 0x000000070a600000, 0x000000070a800000|  0%| F|  |TAMS 0x000000070a600000, 0x000000070a600000| Untracked 
|  63|0x000000070a800000, 0x000000070a800000, 0x000000070aa00000|  0%| F|  |TAMS 0x000000070a800000, 0x000000070a800000| Untracked 
|  64|0x000000070aa00000, 0x000000070aa00000, 0x000000070ac00000|  0%| F|  |TAMS 0x000000070aa00000, 0x000000070aa00000| Untracked 
|  65|0x000000070ac00000, 0x000000070ac00000, 0x000000070ae00000|  0%| F|  |TAMS 0x000000070ac00000, 0x000000070ac00000| Untracked 
|  66|0x000000070ae00000, 0x000000070ae00000, 0x000000070b000000|  0%| F|  |TAMS 0x000000070ae00000, 0x000000070ae00000| Untracked 
|  67|0x000000070b000000, 0x000000070b000000, 0x000000070b200000|  0%| F|  |TAMS 0x000000070b000000, 0x000000070b000000| Untracked 
|  68|0x000000070b200000, 0x000000070b200000, 0x000000070b400000|  0%| F|  |TAMS 0x000000070b200000, 0x000000070b200000| Untracked 
|  69|0x000000070b400000, 0x000000070b400000, 0x000000070b600000|  0%| F|  |TAMS 0x000000070b400000, 0x000000070b400000| Untracked 
|  70|0x000000070b600000, 0x000000070b600000, 0x000000070b800000|  0%| F|  |TAMS 0x000000070b600000, 0x000000070b600000| Untracked 
|  71|0x000000070b800000, 0x000000070b800000, 0x000000070ba00000|  0%| F|  |TAMS 0x000000070b800000, 0x000000070b800000| Untracked 
|  72|0x000000070ba00000, 0x000000070ba00000, 0x000000070bc00000|  0%| F|  |TAMS 0x000000070ba00000, 0x000000070ba00000| Untracked 
|  73|0x000000070bc00000, 0x000000070bc00000, 0x000000070be00000|  0%| F|  |TAMS 0x000000070bc00000, 0x000000070bc00000| Untracked 
|  74|0x000000070be00000, 0x000000070be00000, 0x000000070c000000|  0%| F|  |TAMS 0x000000070be00000, 0x000000070be00000| Untracked 
|  75|0x000000070c000000, 0x000000070c000000, 0x000000070c200000|  0%| F|  |TAMS 0x000000070c000000, 0x000000070c000000| Untracked 
|  76|0x000000070c200000, 0x000000070c200000, 0x000000070c400000|  0%| F|  |TAMS 0x000000070c200000, 0x000000070c200000| Untracked 
|  77|0x000000070c400000, 0x000000070c400000, 0x000000070c600000|  0%| F|  |TAMS 0x000000070c400000, 0x000000070c400000| Untracked 
|  78|0x000000070c600000, 0x000000070c600000, 0x000000070c800000|  0%| F|  |TAMS 0x000000070c600000, 0x000000070c600000| Untracked 
|  79|0x000000070c800000, 0x000000070c800000, 0x000000070ca00000|  0%| F|  |TAMS 0x000000070c800000, 0x000000070c800000| Untracked 
|  80|0x000000070ca00000, 0x000000070ca00000, 0x000000070cc00000|  0%| F|  |TAMS 0x000000070ca00000, 0x000000070ca00000| Untracked 
|  81|0x000000070cc00000, 0x000000070cc00000, 0x000000070ce00000|  0%| F|  |TAMS 0x000000070cc00000, 0x000000070cc00000| Untracked 
|  82|0x000000070ce00000, 0x000000070ce00000, 0x000000070d000000|  0%| F|  |TAMS 0x000000070ce00000, 0x000000070ce00000| Untracked 
|  83|0x000000070d000000, 0x000000070d000000, 0x000000070d200000|  0%| F|  |TAMS 0x000000070d000000, 0x000000070d000000| Untracked 
|  84|0x000000070d200000, 0x000000070d200000, 0x000000070d400000|  0%| F|  |TAMS 0x000000070d200000, 0x000000070d200000| Untracked 
|  85|0x000000070d400000, 0x000000070d400000, 0x000000070d600000|  0%| F|  |TAMS 0x000000070d400000, 0x000000070d400000| Untracked 
|  86|0x000000070d600000, 0x000000070d600000, 0x000000070d800000|  0%| F|  |TAMS 0x000000070d600000, 0x000000070d600000| Untracked 
|  87|0x000000070d800000, 0x000000070d800000, 0x000000070da00000|  0%| F|  |TAMS 0x000000070d800000, 0x000000070d800000| Untracked 
|  88|0x000000070da00000, 0x000000070da00000, 0x000000070dc00000|  0%| F|  |TAMS 0x000000070da00000, 0x000000070da00000| Untracked 
|  89|0x000000070dc00000, 0x000000070dc00000, 0x000000070de00000|  0%| F|  |TAMS 0x000000070dc00000, 0x000000070dc00000| Untracked 
|  90|0x000000070de00000, 0x000000070de00000, 0x000000070e000000|  0%| F|  |TAMS 0x000000070de00000, 0x000000070de00000| Untracked 
|  91|0x000000070e000000, 0x000000070e000000, 0x000000070e200000|  0%| F|  |TAMS 0x000000070e000000, 0x000000070e000000| Untracked 
|  92|0x000000070e200000, 0x000000070e200000, 0x000000070e400000|  0%| F|  |TAMS 0x000000070e200000, 0x000000070e200000| Untracked 
|  93|0x000000070e400000, 0x000000070e400000, 0x000000070e600000|  0%| F|  |TAMS 0x000000070e400000, 0x000000070e400000| Untracked 
|  94|0x000000070e600000, 0x000000070e600000, 0x000000070e800000|  0%| F|  |TAMS 0x000000070e600000, 0x000000070e600000| Untracked 
|  95|0x000000070e800000, 0x000000070e800000, 0x000000070ea00000|  0%| F|  |TAMS 0x000000070e800000, 0x000000070e800000| Untracked 
|  96|0x000000070ea00000, 0x000000070ea00000, 0x000000070ec00000|  0%| F|  |TAMS 0x000000070ea00000, 0x000000070ea00000| Untracked 
|  97|0x000000070ec00000, 0x000000070ec00000, 0x000000070ee00000|  0%| F|  |TAMS 0x000000070ec00000, 0x000000070ec00000| Untracked 
|  98|0x000000070ee00000, 0x000000070ee00000, 0x000000070f000000|  0%| F|  |TAMS 0x000000070ee00000, 0x000000070ee00000| Untracked 
|  99|0x000000070f000000, 0x000000070f000000, 0x000000070f200000|  0%| F|  |TAMS 0x000000070f000000, 0x000000070f000000| Untracked 
| 100|0x000000070f200000, 0x000000070f200000, 0x000000070f400000|  0%| F|  |TAMS 0x000000070f200000, 0x000000070f200000| Untracked 
| 101|0x000000070f400000, 0x000000070f400000, 0x000000070f600000|  0%| F|  |TAMS 0x000000070f400000, 0x000000070f400000| Untracked 
| 102|0x000000070f600000, 0x000000070f600000, 0x000000070f800000|  0%| F|  |TAMS 0x000000070f600000, 0x000000070f600000| Untracked 
| 103|0x000000070f800000, 0x000000070f800000, 0x000000070fa00000|  0%| F|  |TAMS 0x000000070f800000, 0x000000070f800000| Untracked 
| 104|0x000000070fa00000, 0x000000070fa00000, 0x000000070fc00000|  0%| F|  |TAMS 0x000000070fa00000, 0x000000070fa00000| Untracked 
| 105|0x000000070fc00000, 0x000000070fc00000, 0x000000070fe00000|  0%| F|  |TAMS 0x000000070fc00000, 0x000000070fc00000| Untracked 
| 106|0x000000070fe00000, 0x000000070fe00000, 0x0000000710000000|  0%| F|  |TAMS 0x000000070fe00000, 0x000000070fe00000| Untracked 
| 107|0x0000000710000000, 0x0000000710000000, 0x0000000710200000|  0%| F|  |TAMS 0x0000000710000000, 0x0000000710000000| Untracked 
| 108|0x0000000710200000, 0x0000000710200000, 0x0000000710400000|  0%| F|  |TAMS 0x0000000710200000, 0x0000000710200000| Untracked 
| 109|0x0000000710400000, 0x0000000710400000, 0x0000000710600000|  0%| F|  |TAMS 0x0000000710400000, 0x0000000710400000| Untracked 
| 110|0x0000000710600000, 0x0000000710600000, 0x0000000710800000|  0%| F|  |TAMS 0x0000000710600000, 0x0000000710600000| Untracked 
| 111|0x0000000710800000, 0x0000000710800000, 0x0000000710a00000|  0%| F|  |TAMS 0x0000000710800000, 0x0000000710800000| Untracked 
| 112|0x0000000710a00000, 0x0000000710a00000, 0x0000000710c00000|  0%| F|  |TAMS 0x0000000710a00000, 0x0000000710a00000| Untracked 
| 113|0x0000000710c00000, 0x0000000710c00000, 0x0000000710e00000|  0%| F|  |TAMS 0x0000000710c00000, 0x0000000710c00000| Untracked 
| 114|0x0000000710e00000, 0x0000000710faad00, 0x0000000711000000| 83%| S|CS|TAMS 0x0000000710e00000, 0x0000000710e00000| Complete 
| 115|0x0000000711000000, 0x0000000711200000, 0x0000000711200000|100%| S|CS|TAMS 0x0000000711000000, 0x0000000711000000| Complete 
| 116|0x0000000711200000, 0x0000000711200000, 0x0000000711400000|  0%| F|  |TAMS 0x0000000711200000, 0x0000000711200000| Untracked 
| 117|0x0000000711400000, 0x0000000711400000, 0x0000000711600000|  0%| F|  |TAMS 0x0000000711400000, 0x0000000711400000| Untracked 
| 118|0x0000000711600000, 0x0000000711600000, 0x0000000711800000|  0%| F|  |TAMS 0x0000000711600000, 0x0000000711600000| Untracked 
| 119|0x0000000711800000, 0x0000000711800000, 0x0000000711a00000|  0%| F|  |TAMS 0x0000000711800000, 0x0000000711800000| Untracked 
| 120|0x0000000711a00000, 0x0000000711a00000, 0x0000000711c00000|  0%| F|  |TAMS 0x0000000711a00000, 0x0000000711a00000| Untracked 
| 121|0x0000000711c00000, 0x0000000711c00000, 0x0000000711e00000|  0%| F|  |TAMS 0x0000000711c00000, 0x0000000711c00000| Untracked 
| 122|0x0000000711e00000, 0x0000000711e00000, 0x0000000712000000|  0%| F|  |TAMS 0x0000000711e00000, 0x0000000711e00000| Untracked 
| 123|0x0000000712000000, 0x0000000712200000, 0x0000000712200000|100%| E|  |TAMS 0x0000000712000000, 0x0000000712000000| Complete 
| 124|0x0000000712200000, 0x0000000712400000, 0x0000000712400000|100%| E|CS|TAMS 0x0000000712200000, 0x0000000712200000| Complete 
| 125|0x0000000712400000, 0x0000000712600000, 0x0000000712600000|100%| E|CS|TAMS 0x0000000712400000, 0x0000000712400000| Complete 
| 126|0x0000000712600000, 0x0000000712800000, 0x0000000712800000|100%| E|CS|TAMS 0x0000000712600000, 0x0000000712600000| Complete 

Card table byte_map: [0x000002c8c3fc0000,0x000002c8c47b0000] _byte_map_base: 0x000002c8c07ab000

Marking Bits (Prev, Next): (CMBitMap*) 0x000002c8abb48360, (CMBitMap*) 0x000002c8abb483a0
 Prev Bits: [0x000002c8c4fa0000, 0x000002c8c8ef8000)
 Next Bits: [0x000002c8c8f00000, 0x000002c8cce58000)

Polling page: 0x000002c8a9ab0000

Metaspace:

Usage:
  Non-class:      5.46 MB used.
      Class:    690.38 KB used.
       Both:      6.14 MB used.

Virtual space:
  Non-class space:        8.00 MB reserved,       5.56 MB ( 70%) committed,  1 nodes.
      Class space:        1.00 GB reserved,     768.00 KB ( <1%) committed,  1 nodes.
              Both:        1.01 GB reserved,       6.31 MB ( <1%) committed. 

Chunk freelists:
   Non-Class:  1.09 MB
       Class:  3.29 MB
        Both:  4.38 MB

MaxMetaspaceSize: 17179869184.00 GB
CompressedClassSpaceSize: 1.00 GB
 - commit_granule_bytes: 65536.
 - commit_granule_words: 8192.
 - virtual_space_node_default_size: 1048576.
 - enlarge_chunks_in_place: 1.
 - new_chunks_are_fully_committed: 0.
 - uncommit_free_chunks: 1.
 - use_allocation_guard: 0.
 - handle_deallocations: 1.


Internal statistics:

num_allocs_failed_limit: 0.
num_arena_births: 32.
num_arena_deaths: 0.
num_vsnodes_births: 2.
num_vsnodes_deaths: 0.
num_space_committed: 101.
num_space_uncommitted: 0.
num_chunks_returned_to_freelist: 0.
num_chunks_taken_from_freelist: 173.
num_chunk_merges: 0.
num_chunk_splits: 126.
num_chunks_enlarged: 111.
num_purges: 0.

CodeHeap 'non-profiled nmethods': size=120000Kb used=453Kb max_used=453Kb free=119546Kb
 bounds [0x000002c8bbf70000, 0x000002c8bc1e0000, 0x000002c8c34a0000]
CodeHeap 'profiled nmethods': size=120000Kb used=2425Kb max_used=2425Kb free=117574Kb
 bounds [0x000002c8b4a40000, 0x000002c8b4cb0000, 0x000002c8bbf70000]
CodeHeap 'non-nmethods': size=5760Kb used=1169Kb max_used=1213Kb free=4590Kb
 bounds [0x000002c8b44a0000, 0x000002c8b4710000, 0x000002c8b4a40000]
 total_blobs=1685 nmethods=1226 adapters=372
 compilation: enabled
              stopped_count=0, restarted_count=0
 full_count=0

Compilation events (20 events):
Event: 0.794 Thread 0x000002c8cf8d5e20 nmethod 1104 0x000002c8b4c60890 code [0x000002c8b4c60a40, 0x000002c8b4c60b88]
Event: 0.794 Thread 0x000002c8cf8d5e20 1105   !   3       sun.nio.cs.StreamDecoder::read (196 bytes)
Event: 0.794 Thread 0x000002c8cf8d5e20 nmethod 1105 0x000002c8b4c60c90 code [0x000002c8b4c60f00, 0x000002c8b4c61b08]
Event: 0.801 Thread 0x000002c8cf8d5e20 1112       1       org.codehaus.plexus.util.xml.pull.MXParser::getDepth (5 bytes)
Event: 0.801 Thread 0x000002c8cf8d5e20 nmethod 1112 0x000002c8bbfcf610 code [0x000002c8bbfcf7a0, 0x000002c8bbfcf878]
Event: 0.810 Thread 0x000002c8cf8d5e20 1115       3       java.util.Collections::emptyMap (4 bytes)
Event: 0.810 Thread 0x000002c8cf8d5e20 nmethod 1115 0x000002c8b4c62010 code [0x000002c8b4c621a0, 0x000002c8b4c62298]
Event: 0.813 Thread 0x000002c8cf8d5e20 1116 %     3       org.codehaus.plexus.util.InterpolationFilterReader::read @ 3 (48 bytes)
Event: 0.813 Thread 0x000002c8cf8d5e20 nmethod 1116% 0x000002c8b4c62310 code [0x000002c8b4c624e0, 0x000002c8b4c628a8]
Event: 0.813 Thread 0x000002c8cf8d5e20 1117       3       org.codehaus.plexus.util.InterpolationFilterReader::read (48 bytes)
Event: 0.814 Thread 0x000002c8cf8d5e20 nmethod 1117 0x000002c8b4c62a10 code [0x000002c8b4c62be0, 0x000002c8b4c62f08]
Event: 0.815 Thread 0x000002c8cf8d5e20 1118       3       org.codehaus.plexus.util.xml.pull.MXParser::require (443 bytes)
Event: 0.818 Thread 0x000002c8cf8d5e20 nmethod 1118 0x000002c8b4c63090 code [0x000002c8b4c63920, 0x000002c8b4c67458]
Event: 0.818 Thread 0x000002c8cf8d5e20 1120       2       jdk.internal.loader.URLClassPath$JarLoader$2::getContentLength (9 bytes)
Event: 0.818 Thread 0x000002c8cf8d5e20 nmethod 1120 0x000002c8b4c68790 code [0x000002c8b4c68920, 0x000002c8b4c68a38]
Event: 0.818 Thread 0x000002c8cf8d5e20 1121       2       jdk.internal.loader.URLClassPath$JarLoader$2::getCodeSigners (8 bytes)
Event: 0.818 Thread 0x000002c8cf8d5e20 nmethod 1121 0x000002c8b4c68b10 code [0x000002c8b4c68cc0, 0x000002c8b4c68de8]
Event: 0.818 Thread 0x000002c8cf8d5e20 1122   !   2       java.util.jar.JarFile$JarFileEntry::getCodeSigners (81 bytes)
Event: 0.819 Thread 0x000002c8cf8d5e20 nmethod 1122 0x000002c8b4c68e90 code [0x000002c8b4c69080, 0x000002c8b4c69448]
Event: 0.819 Thread 0x000002c8cf8d5e20 1123       2       java.lang.ClassLoader::defineClass (43 bytes)

GC Heap History (2 events):
Event: 0.788 GC heap before
{Heap before GC invocations=0 (full 0):
 garbage-first heap   total 260096K, used 22528K [0x0000000702a00000, 0x0000000800000000)
  region size 2048K, 11 young (22528K), 0 survivors (0K)
 Metaspace       used 5853K, committed 6016K, reserved 1056768K
  class space    used 633K, committed 704K, reserved 1048576K
}
Event: 0.793 GC heap after
{Heap after GC invocations=1 (full 0):
 garbage-first heap   total 260096K, used 3755K [0x0000000702a00000, 0x0000000800000000)
  region size 2048K, 2 young (4096K), 2 survivors (4096K)
 Metaspace       used 5853K, committed 6016K, reserved 1056768K
  class space    used 633K, committed 704K, reserved 1048576K
}

Deoptimization events (20 events):
Event: 0.760 Thread 0x000002c8abaf59d0 Uncommon trap: trap_request=0xffffff45 fr.pc=0x000002c8bbfa1a50 relative=0x00000000000000b0
Event: 0.760 Thread 0x000002c8abaf59d0 Uncommon trap: reason=unstable_if action=reinterpret pc=0x000002c8bbfa1a50 method=org.codehaus.plexus.util.xml.pull.MXParser.more()C @ 8 c2
Event: 0.760 Thread 0x000002c8abaf59d0 DEOPT PACKING pc=0x000002c8bbfa1a50 sp=0x000000d7e7bfddb0
Event: 0.760 Thread 0x000002c8abaf59d0 DEOPT UNPACKING pc=0x000002c8b44ed72e sp=0x000000d7e7bfdd40 mode 2
Event: 0.767 Thread 0x000002c8abaf59d0 Uncommon trap: trap_request=0xffffff45 fr.pc=0x000002c8bbfc61fc relative=0x000000000000005c
Event: 0.767 Thread 0x000002c8abaf59d0 Uncommon trap: reason=unstable_if action=reinterpret pc=0x000002c8bbfc61fc method=java.nio.charset.CoderResult.isOverflow()Z @ 5 c2
Event: 0.767 Thread 0x000002c8abaf59d0 DEOPT PACKING pc=0x000002c8bbfc61fc sp=0x000000d7e7bfd650
Event: 0.767 Thread 0x000002c8abaf59d0 DEOPT UNPACKING pc=0x000002c8b44ed72e sp=0x000000d7e7bfd5d8 mode 2
Event: 0.772 Thread 0x000002c8abaf59d0 Uncommon trap: trap_request=0xffffffc6 fr.pc=0x000002c8bbfc2ea0 relative=0x0000000000001660
Event: 0.772 Thread 0x000002c8abaf59d0 Uncommon trap: reason=bimorphic_or_optimized_type_check action=maybe_recompile pc=0x000002c8bbfc2ea0 method=java.util.HashMap.putVal(ILjava/lang/Object;Ljava/lang/Object;ZZ)Ljava/lang/Object; @ 91 c2
Event: 0.772 Thread 0x000002c8abaf59d0 DEOPT PACKING pc=0x000002c8bbfc2ea0 sp=0x000000d7e7bfde30
Event: 0.772 Thread 0x000002c8abaf59d0 DEOPT UNPACKING pc=0x000002c8b44ed72e sp=0x000000d7e7bfdd88 mode 2
Event: 0.784 Thread 0x000002c8abaf59d0 Uncommon trap: trap_request=0xffffff45 fr.pc=0x000002c8bbfcb984 relative=0x0000000000001804
Event: 0.784 Thread 0x000002c8abaf59d0 Uncommon trap: reason=unstable_if action=reinterpret pc=0x000002c8bbfcb984 method=java.nio.charset.CoderResult.isOverflow()Z @ 5 c2
Event: 0.784 Thread 0x000002c8abaf59d0 DEOPT PACKING pc=0x000002c8bbfcb984 sp=0x000000d7e7bfd790
Event: 0.784 Thread 0x000002c8abaf59d0 DEOPT UNPACKING pc=0x000002c8b44ed72e sp=0x000000d7e7bfd438 mode 2
Event: 0.784 Thread 0x000002c8abaf59d0 Uncommon trap: trap_request=0xffffff45 fr.pc=0x000002c8bbfc82e8 relative=0x00000000000016e8
Event: 0.784 Thread 0x000002c8abaf59d0 Uncommon trap: reason=unstable_if action=reinterpret pc=0x000002c8bbfc82e8 method=java.nio.charset.CoderResult.isOverflow()Z @ 5 c2
Event: 0.784 Thread 0x000002c8abaf59d0 DEOPT PACKING pc=0x000002c8bbfc82e8 sp=0x000000d7e7bfd6e0
Event: 0.784 Thread 0x000002c8abaf59d0 DEOPT UNPACKING pc=0x000002c8b44ed72e sp=0x000000d7e7bfd420 mode 2

Classes unloaded (0 events):
No events

Classes redefined (0 events):
No events

Internal exceptions (7 events):
Event: 0.106 Thread 0x000002c8d05e5910 Exception <a 'java/lang/NoSuchMethodError'{0x000000071247a2d8}: 'java.lang.Object java.lang.invoke.DirectMethodHandle$Holder.invokeStatic(java.lang.Object)'> (0x000000071247a2d8) 
thrown [c:\wsjdk\correttojdksrc\installers\windows\zip\corretto-build\buildroot\src\hotspot\share\interpreter\linkResolver.cpp, line 790]
Event: 0.106 Thread 0x000002c8d05e5910 Exception <a 'java/lang/NoSuchMethodError'{0x000000071247dbe8}: 'java.lang.Object java.lang.invoke.DirectMethodHandle$Holder.invokeStaticInit(java.lang.Object)'> (0x000000071247dbe8) 
thrown [c:\wsjdk\correttojdksrc\installers\windows\zip\corretto-build\buildroot\src\hotspot\share\interpreter\linkResolver.cpp, line 790]
Event: 0.113 Thread 0x000002c8d05e5910 Exception <a 'java/lang/NoSuchMethodError'{0x000000071248b908}: 'void java.lang.invoke.DirectMethodHandle$Holder.invokeStatic(java.lang.Object, java.lang.Object)'> (0x000000071248b908) 
thrown [c:\wsjdk\correttojdksrc\installers\windows\zip\corretto-build\buildroot\src\hotspot\share\interpreter\linkResolver.cpp, line 790]
Event: 0.218 Thread 0x000002c8abaf59d0 Exception <a 'java/lang/NoSuchMethodError'{0x00000007120216f0}: 'java.lang.Object java.lang.invoke.DirectMethodHandle$Holder.invokeStaticInit(java.lang.Object, int, int, int, int)'> (0x00000007120216f0) 
thrown [c:\wsjdk\correttojdksrc\installers\windows\zip\corretto-build\buildroot\src\hotspot\share\interpreter\linkResolver.cpp, line 790]
Event: 0.301 Thread 0x000002c8abaf59d0 Exception <a 'java/lang/NoSuchMethodError'{0x00000007120eff58}: 'java.lang.Object java.lang.invoke.DirectMethodHandle$Holder.invokeStaticInit(java.lang.Object, java.lang.Object, int, int, int, int)'> (0x00000007120eff58) 
thrown [c:\wsjdk\correttojdksrc\installers\windows\zip\corretto-build\buildroot\src\hotspot\share\interpreter\linkResolver.cpp, line 790]
Event: 0.610 Thread 0x000002c8abaf59d0 Exception <a 'java/lang/NoSuchMethodError'{0x0000000711ad73f0}: 'void java.lang.invoke.DirectMethodHandle$Holder.invokeSpecial(java.lang.Object, java.lang.Object, java.lang.Object)'> (0x0000000711ad73f0) 
thrown [c:\wsjdk\correttojdksrc\installers\windows\zip\corretto-build\buildroot\src\hotspot\share\interpreter\linkResolver.cpp, line 790]
Event: 0.718 Thread 0x000002c8abaf59d0 Exception <a 'java/lang/NoSuchMethodError'{0x000000071140c7a8}: 'java.lang.Object java.lang.invoke.DirectMethodHandle$Holder.newInvokeSpecial(java.lang.Object, java.lang.Object, java.lang.Object, java.lang.Object, java.lang.Object)'> (0x000000071140c7a8) 
thrown [c:\wsjdk\correttojdksrc\installers\windows\zip\corretto-build\buildroot\src\hotspot\share\interpreter\linkResolver.cpp, line 790]

Events (20 events):
Event: 0.746 loading class sun/reflect/generics/repository/GenericDeclRepository done
Event: 0.746 loading class sun/reflect/generics/repository/ClassRepository done
Event: 0.746 loading class sun/reflect/generics/tree/FormalTypeParameter
Event: 0.746 loading class sun/reflect/generics/tree/FormalTypeParameter done
Event: 0.746 loading class sun/reflect/generics/tree/ClassSignature
Event: 0.746 loading class sun/reflect/generics/tree/Signature
Event: 0.746 loading class sun/reflect/generics/tree/Signature done
Event: 0.746 loading class sun/reflect/generics/tree/ClassSignature done
Event: 0.746 loading class java/lang/reflect/TypeVariable
Event: 0.746 loading class java/lang/reflect/TypeVariable done
Event: 0.746 loading class java/lang/reflect/WildcardType
Event: 0.746 loading class java/lang/reflect/WildcardType done
Event: 0.748 loading class sun/reflect/generics/tree/TypeVariableSignature
Event: 0.748 loading class sun/reflect/generics/tree/TypeVariableSignature done
Event: 0.755 loading class java/lang/annotation/IncompleteAnnotationException
Event: 0.755 loading class java/lang/annotation/IncompleteAnnotationException done
Event: 0.783 loading class jdk/internal/access/foreign/MemorySegmentProxy
Event: 0.783 loading class jdk/internal/access/foreign/MemorySegmentProxy done
Event: 0.788 Executing  VM operation: G1CollectForAllocation
Event: 0.793 Executing  VM operation: G1CollectForAllocation done


Dynamic libraries:
0x00007ff61f330000 - 0x00007ff61f33d000 	C:\Users\hishh\.jdks\corretto-16.0.2\bin\java.exe
0x00007ffb57f70000 - 0x00007ffb58168000 	C:\WINDOWS\SYSTEM32\ntdll.dll
0x00007ffb0af70000 - 0x00007ffb0af89000 	C:\Program Files\Avast Software\Avast\aswhook.dll
0x00007ffb56c10000 - 0x00007ffb56ccd000 	C:\WINDOWS\System32\KERNEL32.DLL
0x00007ffb55cc0000 - 0x00007ffb55fb6000 	C:\WINDOWS\System32\KERNELBASE.dll
0x00007ffb55af0000 - 0x00007ffb55bf0000 	C:\WINDOWS\System32\ucrtbase.dll
0x00007ffb50c70000 - 0x00007ffb50c88000 	C:\Users\hishh\.jdks\corretto-16.0.2\bin\jli.dll
0x00007ffb50c90000 - 0x00007ffb50ca5000 	C:\Users\hishh\.jdks\corretto-16.0.2\bin\VCRUNTIME140.dll
0x00007ffb55fc0000 - 0x00007ffb5615e000 	C:\WINDOWS\System32\USER32.dll
0x00007ffb55640000 - 0x00007ffb55662000 	C:\WINDOWS\System32\win32u.dll
0x00007ffb3eb30000 - 0x00007ffb3edca000 	C:\WINDOWS\WinSxS\amd64_microsoft.windows.common-controls_6595b64144ccf1df_6.0.19041.3636_none_60b6a03d71f818d5\COMCTL32.dll
0x00007ffb56cd0000 - 0x00007ffb56cfc000 	C:\WINDOWS\System32\GDI32.dll
0x00007ffb57e10000 - 0x00007ffb57eae000 	C:\WINDOWS\System32\msvcrt.dll
0x00007ffb55750000 - 0x00007ffb5586a000 	C:\WINDOWS\System32\gdi32full.dll
0x00007ffb55c20000 - 0x00007ffb55cbd000 	C:\WINDOWS\System32\msvcp_win.dll
0x00007ffb57190000 - 0x00007ffb571c0000 	C:\WINDOWS\System32\IMM32.DLL
0x0000000055f70000 - 0x0000000055f7c000 	C:\Program Files (x86)\360\Total Security\safemon\SafeWrapper.dll
0x00007ffb56d00000 - 0x00007ffb56db3000 	C:\WINDOWS\System32\ADVAPI32.dll
0x00007ffb56680000 - 0x00007ffb5671f000 	C:\WINDOWS\System32\sechost.dll
0x00007ffb57360000 - 0x00007ffb57486000 	C:\WINDOWS\System32\RPCRT4.dll
0x00007ffb55bf0000 - 0x00007ffb55c17000 	C:\WINDOWS\System32\bcrypt.dll
0x00007ffac8430000 - 0x00007ffac84c2000 	C:\Program Files (x86)\360\Total Security\safemon\libzdtp64.dll
0x00007ffb57630000 - 0x00007ffb57d75000 	C:\WINDOWS\System32\SHELL32.dll
0x00007ffb56f20000 - 0x00007ffb56f75000 	C:\WINDOWS\System32\SHLWAPI.dll
0x00007ffb55370000 - 0x00007ffb5537a000 	C:\WINDOWS\SYSTEM32\VERSION.dll
0x00007ffb0a010000 - 0x00007ffb0a0ab000 	C:\Users\hishh\.jdks\corretto-16.0.2\bin\msvcp140.dll
0x00007ffadcbf0000 - 0x00007ffadd7f9000 	C:\Users\hishh\.jdks\corretto-16.0.2\bin\server\jvm.dll
0x00007ffb57570000 - 0x00007ffb57578000 	C:\WINDOWS\System32\PSAPI.DLL
0x00007ffb400e0000 - 0x00007ffb400e9000 	C:\WINDOWS\SYSTEM32\WSOCK32.dll
0x00007ffb44050000 - 0x00007ffb44077000 	C:\WINDOWS\SYSTEM32\WINMM.dll
0x00007ffb572f0000 - 0x00007ffb5735b000 	C:\WINDOWS\System32\WS2_32.dll
0x00007ffb53620000 - 0x00007ffb53632000 	C:\WINDOWS\SYSTEM32\kernel.appcore.dll
0x00007ffb533a0000 - 0x00007ffb533aa000 	C:\Users\hishh\.jdks\corretto-16.0.2\bin\jimage.dll
0x00007ffb531b0000 - 0x00007ffb53394000 	C:\WINDOWS\SYSTEM32\DBGHELP.DLL
0x00007ffb462f0000 - 0x00007ffb46324000 	C:\WINDOWS\SYSTEM32\dbgcore.DLL
0x00007ffb55670000 - 0x00007ffb556f2000 	C:\WINDOWS\System32\bcryptPrimitives.dll
0x00007ffb39480000 - 0x00007ffb3948e000 	C:\Users\hishh\.jdks\corretto-16.0.2\bin\instrument.dll
0x00007ffb39610000 - 0x00007ffb39635000 	C:\Users\hishh\.jdks\corretto-16.0.2\bin\java.dll
0x00007ffb53640000 - 0x00007ffb53ddb000 	C:\WINDOWS\SYSTEM32\windows.storage.dll
0x00007ffb56720000 - 0x00007ffb56a74000 	C:\WINDOWS\System32\combase.dll
0x00007ffb55000000 - 0x00007ffb5502d000 	C:\WINDOWS\SYSTEM32\Wldp.dll
0x00007ffb57580000 - 0x00007ffb5762d000 	C:\WINDOWS\System32\SHCORE.dll
0x00007ffb55570000 - 0x00007ffb55595000 	C:\WINDOWS\SYSTEM32\profapi.dll
0x00007ffb40430000 - 0x00007ffb40448000 	C:\Users\hishh\.jdks\corretto-16.0.2\bin\zip.dll
0x00007ffb4e950000 - 0x00007ffb4e969000 	C:\Users\hishh\.jdks\corretto-16.0.2\bin\net.dll
0x00007ffb475b0000 - 0x00007ffb476ba000 	C:\WINDOWS\SYSTEM32\WINHTTP.dll
0x00007ffb54d10000 - 0x00007ffb54d7a000 	C:\WINDOWS\system32\mswsock.dll
0x00007ffb42ac0000 - 0x00007ffb42ad3000 	C:\Users\hishh\.jdks\corretto-16.0.2\bin\nio.dll
0x00007ffb386a0000 - 0x00007ffb386ba000 	C:\Program Files\JetBrains\IntelliJ IDEA 2022.1.4\bin\breakgen64.dll
0x00007ffb4f070000 - 0x00007ffb4f080000 	C:\Users\hishh\.jdks\corretto-16.0.2\bin\verify.dll
0x00007ffb54f60000 - 0x00007ffb54f78000 	C:\WINDOWS\SYSTEM32\CRYPTSP.dll
0x00007ffb545e0000 - 0x00007ffb54614000 	C:\WINDOWS\system32\rsaenh.dll
0x00007ffb554f0000 - 0x00007ffb5551e000 	C:\WINDOWS\SYSTEM32\USERENV.dll
0x00007ffb54f50000 - 0x00007ffb54f5c000 	C:\WINDOWS\SYSTEM32\CRYPTBASE.dll
0x00007ffb549d0000 - 0x00007ffb54a0b000 	C:\WINDOWS\SYSTEM32\IPHLPAPI.DLL
0x00007ffb572e0000 - 0x00007ffb572e8000 	C:\WINDOWS\System32\NSI.dll
0x00007ffb47890000 - 0x00007ffb478a7000 	C:\WINDOWS\SYSTEM32\dhcpcsvc6.DLL
0x00007ffb4b5d0000 - 0x00007ffb4b5ed000 	C:\WINDOWS\SYSTEM32\dhcpcsvc.DLL
0x00007ffb54a20000 - 0x00007ffb54aea000 	C:\WINDOWS\SYSTEM32\DNSAPI.dll
0x00007ffb393f0000 - 0x00007ffb393fa000 	C:\Users\hishh\AppData\Local\Temp\jansi-1.17.1-14854975210433907654.dll
0x00007ffb39030000 - 0x00007ffb3903a000 	C:\Users\hishh\AppData\Local\Temp\jansi-1.17.1-4837095488340487369.dll

dbghelp: loaded successfully - version: 4.0.5 - missing functions: none
symbol engine: initialized successfully - sym options: 0x614 - pdb path: .;C:\Users\hishh\.jdks\corretto-16.0.2\bin;C:\WINDOWS\SYSTEM32;C:\Program Files\Avast Software\Avast;C:\WINDOWS\WinSxS\amd64_microsoft.windows.common-controls_6595b64144ccf1df_6.0.19041.3636_none_60b6a03d71f818d5;C:\Program Files (x86)\360\Total Security\safemon;C:\Users\hishh\.jdks\corretto-16.0.2\bin\server;C:\Program Files\JetBrains\IntelliJ IDEA 2022.1.4\bin;C:\Users\hishh\AppData\Local\Temp

VM Arguments:
jvm_args: -Dmaven.multiModuleProjectDirectory=C:\Users\hishh\IdeaProjects\Drawer -Dmaven.home=C:\Program Files\JetBrains\IntelliJ IDEA 2022.1.4\plugins\maven\lib\maven3 -Dclassworlds.conf=C:\Program Files\JetBrains\IntelliJ IDEA 2022.1.4\plugins\maven\lib\maven3\bin\m2.conf -Dmaven.ext.class.path=C:\Program Files\JetBrains\IntelliJ IDEA 2022.1.4\plugins\maven\lib\maven-event-listener.jar -javaagent:C:\Program Files\JetBrains\IntelliJ IDEA 2022.1.4\lib\idea_rt.jar=60903:C:\Program Files\JetBrains\IntelliJ IDEA 2022.1.4\bin -Dfile.encoding=UTF-8 
java_command: org.codehaus.classworlds.Launcher -Didea.version=2022.1.4 clean install
java_class_path (initial): C:\Program Files\JetBrains\IntelliJ IDEA 2022.1.4\plugins\maven\lib\maven3\boot\plexus-classworlds-2.6.0.jar;C:\Program Files\JetBrains\IntelliJ IDEA 2022.1.4\plugins\maven\lib\maven3\boot\plexus-classworlds.license
Launcher Type: SUN_STANDARD

[Global flags]
     intx CICompilerCount                          = 4                                         {product} {ergonomic}
     uint ConcGCThreads                            = 2                                         {product} {ergonomic}
     uint G1ConcRefinementThreads                  = 8                                         {product} {ergonomic}
   size_t G1HeapRegionSize                         = 2097152                                   {product} {ergonomic}
    uintx GCDrainStackTargetSize                   = 64                                        {product} {ergonomic}
   size_t InitialHeapSize                          = 266338304                                 {product} {ergonomic}
   size_t MarkStackSize                            = 4194304                                   {product} {ergonomic}
   size_t MaxHeapSize                              = 4250927104                                {product} {ergonomic}
   size_t MaxNewSize                               = 2550136832                                {product} {ergonomic}
   size_t MinHeapDeltaBytes                        = 2097152                                   {product} {ergonomic}
   size_t MinHeapSize                              = 8388608                                   {product} {ergonomic}
    uintx NonNMethodCodeHeapSize                   = 5839372                                {pd product} {ergonomic}
    uintx NonProfiledCodeHeapSize                  = 122909434                              {pd product} {ergonomic}
    uintx ProfiledCodeHeapSize                     = 122909434                              {pd product} {ergonomic}
    uintx ReservedCodeCacheSize                    = 251658240                              {pd product} {ergonomic}
     bool SegmentedCodeCache                       = true                                      {product} {ergonomic}
   size_t SoftMaxHeapSize                          = 4250927104                             {manageable} {ergonomic}
     bool UseCompressedClassPointers               = true                           {product lp64_product} {ergonomic}
     bool UseCompressedOops                        = true                           {product lp64_product} {ergonomic}
     bool UseG1GC                                  = true                                      {product} {ergonomic}
     bool UseLargePagesIndividualAllocation        = false                                  {pd product} {ergonomic}

Logging:
Log output configuration:
 #0: stdout all=warning uptime,level,tags
 #1: stderr all=off uptime,level,tags

Environment Variables:
JAVA_HOME=C:\Program Files\Java\jdk-14
PATH=C:\Program Files\NVIDIA GPU Computing Toolkit\CUDA\v12.2\bin;C:\Program Files\NVIDIA GPU Computing Toolkit\CUDA\v12.2\libnvvp;C:\Program Files\OpenJDK\jdk-8.0.362.09-hotspot\bin;C:\Program Files\Python310\Scripts\;C:\Program Files\Python310\;C:\Program Files\Common Files\Oracle\Java\javapath;C:\Program Files (x86)\Common Files\Oracle\Java\javapath;C:\Windows\system32;C:\Windows;C:\Windows\System32\Wbem;C:\Windows\System32\WindowsPowerShell\v1.0\;C:\Windows\System32\OpenSSH\;C:\Program Files (x86)\NVIDIA Corporation\PhysX\Common;C:\Program Files\NVIDIA Corporation\NVIDIA NvDLISR;C:\WINDOWS\system32;C:\WINDOWS;C:\WINDOWS\System32\Wbem;C:\WINDOWS\System32\WindowsPowerShell\v1.0\;C:\WINDOWS\System32\OpenSSH\;C:\Program Files\nodejs\;C:\Program Files\Git\cmd;C:\Users\hishh\Downloads\apache-maven-3.8.6-src;C:\Program Files\apache-maven-3.8.6-bin\apache-maven-3.8.6\bin;C:\Program Files\NVIDIA Corporation\Nsight Compute 2023.2.0\;C:\php;C:\ProgramData\ComposerSetup\bin;C:\Program Files\PuTTY\;C:\Users\hishh\AppData\Local\Microsoft\WindowsApps;C:\Users\hishh\AppData\Roaming\npm;C:\Users\hishh\AppData\Local\Programs\Microsoft VS Code\bin;C:\Program Files\New Relic\New Relic CLI\;C:\Users\hishh\AppData\Local\JetBrains\Toolbox\scripts;C:\Users\hishh\AppData\Roaming\Composer\vendor\bin
USERNAME=hishh
OS=Windows_NT
PROCESSOR_IDENTIFIER=Intel64 Family 6 Model 165 Stepping 2, GenuineIntel



---------------  S Y S T E M  ---------------

OS:
 Windows 10 , 64 bit Build 19041 (10.0.19041.3636)
OS uptime: 17 days 20:02 hours
Hyper-V role detected

CPU: total 8 (initial active 8) (4 cores per cpu, 2 threads per core) family 6 model 165 stepping 2 microcode 0xe2, cx8, cmov, fxsr, ht, mmx, 3dnowpref, sse, sse2, sse3, ssse3, sse4.1, sse4.2, popcnt, lzcnt, tsc, tscinvbit, avx, avx2, aes, erms, clmul, bmi1, bmi2, adx, fma, vzeroupper, clflush, clflushopt, hv

Memory: 4k page, system-wide physical 16215M (500M free)
TotalPageFile size 65367M (AvailPageFile size 2M)
current process WorkingSet (physical memory assigned to process): 82M, peak: 82M
current process commit charge ("private bytes"): 360M, peak: 360M

vm_info: OpenJDK 64-Bit Server VM (16.0.2+7) for windows-amd64 JRE (16.0.2+7), built on Jul 22 2021 01:11:46 by "Administrator" with MS VC++ 15.9 (VS2017)

END.
