#
# There is insufficient memory for the Java Runtime Environment to continue.
# Native memory allocation (mmap) failed to map 266338304 bytes for G1 virtual space
# Possible reasons:
#   The system is out of physical RAM or swap space
#   The process is running with CompressedOops enabled, and the Java Heap may be blocking the growth of the native heap
# Possible solutions:
#   Reduce memory load on the system
#   Increase physical memory or swap space
#   Check if swap backing store is full
#   Decrease Java heap size (-Xmx/-Xms)
#   Decrease number of Java threads
#   Decrease Java thread stack sizes (-Xss)
#   Set larger code cache with -XX:ReservedCodeCacheSize=
#   JVM is running with Zero Based Compressed Oops mode in which the Java heap is
#     placed in the first 32GB address space. The Java Heap base address is the
#     maximum limit for the native heap growth. Please use -XX:HeapBaseMinAddress
#     to set the Java Heap base and to place the Java Heap above 32GB virtual address.
# This output file may be truncated or incomplete.
#
#  Out of Memory Error (os_windows.cpp:3466), pid=28668, tid=28912
#
# JRE version:  (16.0.2+7) (build )
# Java VM: OpenJDK 64-Bit Server VM (16.0.2+7, mixed mode, sharing, tiered, compressed oops, compressed class ptrs, g1 gc, windows-amd64)
# No core dump will be written. Minidumps are not enabled by default on client versions of Windows
#

---------------  S U M M A R Y ------------

Command Line: -Dmaven.multiModuleProjectDirectory=C:\Users\hishh\IdeaProjects\Drawer -Dmaven.home=C:\Program Files\JetBrains\IntelliJ IDEA 2022.1.4\plugins\maven\lib\maven3 -Dclassworlds.conf=C:\Program Files\JetBrains\IntelliJ IDEA 2022.1.4\plugins\maven\lib\maven3\bin\m2.conf -Dmaven.ext.class.path=C:\Program Files\JetBrains\IntelliJ IDEA 2022.1.4\plugins\maven\lib\maven-event-listener.jar -javaagent:C:\Program Files\JetBrains\IntelliJ IDEA 2022.1.4\lib\idea_rt.jar=51638:C:\Program Files\JetBrains\IntelliJ IDEA 2022.1.4\bin -Dfile.encoding=UTF-8 org.codehaus.classworlds.Launcher -Didea.version=2022.1.4 clean install

Host: Intel(R) Core(TM) i5-10300H CPU @ 2.50GHz, 8 cores, 15G,  Windows 10 , 64 bit Build 19041 (10.0.19041.3636)
Time: Tue Jan 23 14:22:36 2024 Paris, Madrid elapsed time: 0.018975 seconds (0d 0h 0m 0s)

---------------  T H R E A D  ---------------

Current thread (0x000001d20db04dc0):  JavaThread "Unknown thread" [_thread_in_vm, id=28912, stack(0x0000001497500000,0x0000001497600000)]

Stack: [0x0000001497500000,0x0000001497600000]
Native frames: (J=compiled Java code, j=interpreted, Vv=VM code, C=native code)
V  [jvm.dll+0x647e0a]
V  [jvm.dll+0x7f0549]
V  [jvm.dll+0x7f1cfe]
V  [jvm.dll+0x7f2343]
V  [jvm.dll+0x23dd88]
V  [jvm.dll+0x644b4a]
V  [jvm.dll+0x639795]
V  [jvm.dll+0x2f66f9]
V  [jvm.dll+0x2fd516]
V  [jvm.dll+0x34999a]
V  [jvm.dll+0x349bdf]
V  [jvm.dll+0x2cc918]
V  [jvm.dll+0x2cdb49]
V  [jvm.dll+0x7c4431]
V  [jvm.dll+0x356ee1]
V  [jvm.dll+0x7a30b0]
V  [jvm.dll+0x3d4c55]
V  [jvm.dll+0x3d69f1]
C  [jli.dll+0x5243]
C  [ucrtbase.dll+0x21bb2]
C  [KERNEL32.DLL+0x17344]
C  [ntdll.dll+0x526b1]


---------------  P R O C E S S  ---------------

Threads class SMR info:
_java_thread_list=0x00007ff9d8a073d8, length=0, elements={
}

Java Threads: ( => current thread )

Other Threads:
  0x000001d20db57430 GCTaskThread "GC Thread#0" [stack: 0x0000001497600000,0x0000001497700000] [id=25696]
  0x000001d20db681c0 ConcurrentGCThread "G1 Main Marker" [stack: 0x0000001497700000,0x0000001497800000] [id=23504]
  0x000001d20db6a7b0 ConcurrentGCThread "G1 Conc#0" [stack: 0x0000001497800000,0x0000001497900000] [id=11892]

[error occurred during error reporting (printing all threads), id 0xc0000005, EXCEPTION_ACCESS_VIOLATION (0xc0000005) at pc=0x00007ff9d817e207]

VM state: not at safepoint (not fully initialized)

VM Mutex/Monitor currently owned by a thread:  ([mutex/lock_event])
[0x000001d20db022c0] Heap_lock - owner thread: 0x000001d20db04dc0

Heap address: 0x0000000702a00000, size: 4054 MB, Compressed Oops mode: Zero based, Oop shift amount: 3

CDS archive(s) mapped at: [0x0000000000000000-0x0000000000000000-0x0000000000000000), size 0, SharedBaseAddress: 0x0000000800000000, ArchiveRelocationMode: 0.
Narrow klass base: 0x0000000000000000, Narrow klass shift: 0, Narrow klass range: 0x0

GC Precious Log:
<Empty>

Heap:
 garbage-first heap   total 0K, used 0K [0x0000000702a00000, 0x0000000800000000)
  region size 2048K, 0 young (0K), 0 survivors (0K)

[error occurred during error reporting (printing heap information), id 0xc0000005, EXCEPTION_ACCESS_VIOLATION (0xc0000005) at pc=0x00007ff9d853ff7d]

GC Heap History (0 events):
No events

Deoptimization events (0 events):
No events

Classes unloaded (0 events):
No events

Classes redefined (0 events):
No events

Internal exceptions (0 events):
No events

Events (1 events):
Event: 0.011 Loaded shared library C:\Users\hishh\.jdks\corretto-16.0.2\bin\java.dll


Dynamic libraries:
0x00007ff7ee7d0000 - 0x00007ff7ee7dd000 	C:\Users\hishh\.jdks\corretto-16.0.2\bin\java.exe
0x00007ffa7f510000 - 0x00007ffa7f708000 	C:\WINDOWS\SYSTEM32\ntdll.dll
0x00007ffa5abf0000 - 0x00007ffa5ac09000 	C:\Program Files\Avast Software\Avast\aswhook.dll
0x00007ffa7f410000 - 0x00007ffa7f4cd000 	C:\WINDOWS\System32\KERNEL32.DLL
0x00007ffa7d260000 - 0x00007ffa7d556000 	C:\WINDOWS\System32\KERNELBASE.dll
0x00007ffa7ce60000 - 0x00007ffa7cf60000 	C:\WINDOWS\System32\ucrtbase.dll
0x00007ffa73080000 - 0x00007ffa73095000 	C:\Users\hishh\.jdks\corretto-16.0.2\bin\VCRUNTIME140.dll
0x00007ffa5f650000 - 0x00007ffa5f668000 	C:\Users\hishh\.jdks\corretto-16.0.2\bin\jli.dll
0x00007ffa7f130000 - 0x00007ffa7f2ce000 	C:\WINDOWS\System32\USER32.dll
0x00007ffa7cda0000 - 0x00007ffa7cdc2000 	C:\WINDOWS\System32\win32u.dll
0x00007ffa58b00000 - 0x00007ffa58d9a000 	C:\WINDOWS\WinSxS\amd64_microsoft.windows.common-controls_6595b64144ccf1df_6.0.19041.3636_none_60b6a03d71f818d5\COMCTL32.dll
0x00007ffa7d580000 - 0x00007ffa7d5ac000 	C:\WINDOWS\System32\GDI32.dll
0x00007ffa7d0c0000 - 0x00007ffa7d1da000 	C:\WINDOWS\System32\gdi32full.dll
0x00007ffa7d9a0000 - 0x00007ffa7da3e000 	C:\WINDOWS\System32\msvcrt.dll
0x00007ffa7cd00000 - 0x00007ffa7cd9d000 	C:\WINDOWS\System32\msvcp_win.dll
0x00007ffa7e5f0000 - 0x00007ffa7e620000 	C:\WINDOWS\System32\IMM32.DLL
0x0000000056ad0000 - 0x0000000056adc000 	C:\Program Files (x86)\360\Total Security\safemon\SafeWrapper.dll
0x00007ffa7f070000 - 0x00007ffa7f123000 	C:\WINDOWS\System32\ADVAPI32.dll
0x00007ffa7dc50000 - 0x00007ffa7dcef000 	C:\WINDOWS\System32\sechost.dll
0x00007ffa7d7f0000 - 0x00007ffa7d916000 	C:\WINDOWS\System32\RPCRT4.dll
0x00007ffa7d230000 - 0x00007ffa7d257000 	C:\WINDOWS\System32\bcrypt.dll
0x00007ff9f8190000 - 0x00007ff9f8222000 	C:\Program Files (x86)\360\Total Security\safemon\libzdtp64.dll
0x00007ffa7dd50000 - 0x00007ffa7e495000 	C:\WINDOWS\System32\SHELL32.dll
0x00007ffa7da40000 - 0x00007ffa7da95000 	C:\WINDOWS\System32\SHLWAPI.dll
0x00007ffa7c910000 - 0x00007ffa7c91a000 	C:\WINDOWS\SYSTEM32\VERSION.dll
0x00007ffa44600000 - 0x00007ffa4469b000 	C:\Users\hishh\.jdks\corretto-16.0.2\bin\msvcp140.dll
0x00007ff9d7ea0000 - 0x00007ff9d8aa9000 	C:\Users\hishh\.jdks\corretto-16.0.2\bin\server\jvm.dll
0x00007ffa7f2d0000 - 0x00007ffa7f2d8000 	C:\WINDOWS\System32\PSAPI.DLL
0x00007ffa6d3b0000 - 0x00007ffa6d3d7000 	C:\WINDOWS\SYSTEM32\WINMM.dll
0x00007ffa68570000 - 0x00007ffa68579000 	C:\WINDOWS\SYSTEM32\WSOCK32.dll
0x00007ffa7e570000 - 0x00007ffa7e5db000 	C:\WINDOWS\System32\WS2_32.dll
0x00007ffa7b370000 - 0x00007ffa7b382000 	C:\WINDOWS\SYSTEM32\kernel.appcore.dll
0x00007ffa72d70000 - 0x00007ffa72d7a000 	C:\Users\hishh\.jdks\corretto-16.0.2\bin\jimage.dll
0x00007ffa7b080000 - 0x00007ffa7b264000 	C:\WINDOWS\SYSTEM32\DBGHELP.DLL
0x00007ffa73ad0000 - 0x00007ffa73b04000 	C:\WINDOWS\SYSTEM32\dbgcore.DLL
0x00007ffa7cdd0000 - 0x00007ffa7ce52000 	C:\WINDOWS\System32\bcryptPrimitives.dll
0x00007ffa6d990000 - 0x00007ffa6d99e000 	C:\Users\hishh\.jdks\corretto-16.0.2\bin\instrument.dll
0x00007ffa5f490000 - 0x00007ffa5f4b5000 	C:\Users\hishh\.jdks\corretto-16.0.2\bin\java.dll

dbghelp: loaded successfully - version: 4.0.5 - missing functions: none
symbol engine: initialized successfully - sym options: 0x614 - pdb path: .;C:\Users\hishh\.jdks\corretto-16.0.2\bin;C:\WINDOWS\SYSTEM32;C:\Program Files\Avast Software\Avast;C:\WINDOWS\WinSxS\amd64_microsoft.windows.common-controls_6595b64144ccf1df_6.0.19041.3636_none_60b6a03d71f818d5;C:\Program Files (x86)\360\Total Security\safemon;C:\Users\hishh\.jdks\corretto-16.0.2\bin\server

VM Arguments:
jvm_args: -Dmaven.multiModuleProjectDirectory=C:\Users\hishh\IdeaProjects\Drawer -Dmaven.home=C:\Program Files\JetBrains\IntelliJ IDEA 2022.1.4\plugins\maven\lib\maven3 -Dclassworlds.conf=C:\Program Files\JetBrains\IntelliJ IDEA 2022.1.4\plugins\maven\lib\maven3\bin\m2.conf -Dmaven.ext.class.path=C:\Program Files\JetBrains\IntelliJ IDEA 2022.1.4\plugins\maven\lib\maven-event-listener.jar -javaagent:C:\Program Files\JetBrains\IntelliJ IDEA 2022.1.4\lib\idea_rt.jar=51638:C:\Program Files\JetBrains\IntelliJ IDEA 2022.1.4\bin -Dfile.encoding=UTF-8 
java_command: org.codehaus.classworlds.Launcher -Didea.version=2022.1.4 clean install
java_class_path (initial): C:\Program Files\JetBrains\IntelliJ IDEA 2022.1.4\plugins\maven\lib\maven3\boot\plexus-classworlds-2.6.0.jar;C:\Program Files\JetBrains\IntelliJ IDEA 2022.1.4\plugins\maven\lib\maven3\boot\plexus-classworlds.license
Launcher Type: SUN_STANDARD

[Global flags]
     intx CICompilerCount                          = 4                                         {product} {ergonomic}
     uint ConcGCThreads                            = 2                                         {product} {ergonomic}
     uint G1ConcRefinementThreads                  = 8                                         {product} {ergonomic}
   size_t G1HeapRegionSize                         = 2097152                                   {product} {ergonomic}
    uintx GCDrainStackTargetSize                   = 64                                        {product} {ergonomic}
   size_t InitialHeapSize                          = 266338304                                 {product} {ergonomic}
   size_t MarkStackSize                            = 4194304                                   {product} {ergonomic}
   size_t MaxHeapSize                              = 4250927104                                {product} {ergonomic}
   size_t MinHeapDeltaBytes                        = 2097152                                   {product} {ergonomic}
   size_t MinHeapSize                              = 8388608                                   {product} {ergonomic}
    uintx NonNMethodCodeHeapSize                   = 5839372                                {pd product} {ergonomic}
    uintx NonProfiledCodeHeapSize                  = 122909434                              {pd product} {ergonomic}
    uintx ProfiledCodeHeapSize                     = 122909434                              {pd product} {ergonomic}
    uintx ReservedCodeCacheSize                    = 251658240                              {pd product} {ergonomic}
     bool SegmentedCodeCache                       = true                                      {product} {ergonomic}
   size_t SoftMaxHeapSize                          = 4250927104                             {manageable} {ergonomic}
     bool UseCompressedClassPointers               = true                           {product lp64_product} {ergonomic}
     bool UseCompressedOops                        = true                           {product lp64_product} {ergonomic}
     bool UseG1GC                                  = true                                      {product} {ergonomic}
     bool UseLargePagesIndividualAllocation        = false                                  {pd product} {ergonomic}

Logging:
Log output configuration:
 #0: stdout all=warning uptime,level,tags
 #1: stderr all=off uptime,level,tags

Environment Variables:
JAVA_HOME=C:\Program Files\Java\jdk-14
PATH=C:\Program Files\NVIDIA GPU Computing Toolkit\CUDA\v12.2\bin;C:\Program Files\NVIDIA GPU Computing Toolkit\CUDA\v12.2\libnvvp;C:\Program Files\OpenJDK\jdk-8.0.362.09-hotspot\bin;C:\Program Files\Python310\Scripts\;C:\Program Files\Python310\;C:\Program Files\Common Files\Oracle\Java\javapath;C:\Program Files (x86)\Common Files\Oracle\Java\javapath;C:\Windows\system32;C:\Windows;C:\Windows\System32\Wbem;C:\Windows\System32\WindowsPowerShell\v1.0\;C:\Windows\System32\OpenSSH\;C:\Program Files (x86)\NVIDIA Corporation\PhysX\Common;C:\Program Files\NVIDIA Corporation\NVIDIA NvDLISR;C:\WINDOWS\system32;C:\WINDOWS;C:\WINDOWS\System32\Wbem;C:\WINDOWS\System32\WindowsPowerShell\v1.0\;C:\WINDOWS\System32\OpenSSH\;C:\Program Files\nodejs\;C:\Program Files\Git\cmd;C:\Users\hishh\Downloads\apache-maven-3.8.6-src;C:\Program Files\apache-maven-3.8.6-bin\apache-maven-3.8.6\bin;C:\Program Files\NVIDIA Corporation\Nsight Compute 2023.2.0\;C:\php;C:\ProgramData\ComposerSetup\bin;C:\Program Files\PuTTY\;C:\Users\hishh\AppData\Local\Microsoft\WindowsApps;C:\Users\hishh\AppData\Roaming\npm;C:\Users\hishh\AppData\Local\Programs\Microsoft VS Code\bin;C:\Program Files\New Relic\New Relic CLI\;C:\Users\hishh\AppData\Local\JetBrains\Toolbox\scripts;C:\Users\hishh\AppData\Roaming\Composer\vendor\bin
USERNAME=hishh
OS=Windows_NT
PROCESSOR_IDENTIFIER=Intel64 Family 6 Model 165 Stepping 2, GenuineIntel



---------------  S Y S T E M  ---------------

OS:
 Windows 10 , 64 bit Build 19041 (10.0.19041.3636)
OS uptime: 3 days 18:47 hours
Hyper-V role detected

CPU: total 8 (initial active 8) (4 cores per cpu, 2 threads per core) family 6 model 165 stepping 2 microcode 0xe2, cx8, cmov, fxsr, ht, mmx, 3dnowpref, sse, sse2, sse3, ssse3, sse4.1, sse4.2, popcnt, lzcnt, tsc, tscinvbit, avx, avx2, aes, erms, clmul, bmi1, bmi2, adx, fma, vzeroupper, clflush, clflushopt, hv

Memory: 4k page, system-wide physical 16215M (579M free)
TotalPageFile size 65367M (AvailPageFile size 226M)
current process WorkingSet (physical memory assigned to process): 11M, peak: 11M
current process commit charge ("private bytes"): 60M, peak: 314M

vm_info: OpenJDK 64-Bit Server VM (16.0.2+7) for windows-amd64 JRE (16.0.2+7), built on Jul 22 2021 01:11:46 by "Administrator" with MS VC++ 15.9 (VS2017)

END.
