#
# There is insufficient memory for the Java Runtime Environment to continue.
# Native memory allocation (mmap) failed to map 65536 bytes for Failed to commit metaspace.
# Possible reasons:
#   The system is out of physical RAM or swap space
#   The process is running with CompressedOops enabled, and the Java Heap may be blocking the growth of the native heap
# Possible solutions:
#   Reduce memory load on the system
#   Increase physical memory or swap space
#   Check if swap backing store is full
#   Decrease Java heap size (-Xmx/-Xms)
#   Decrease number of Java threads
#   Decrease Java thread stack sizes (-Xss)
#   Set larger code cache with -XX:ReservedCodeCacheSize=
#   JVM is running with Zero Based Compressed Oops mode in which the Java heap is
#     placed in the first 32GB address space. The Java Heap base address is the
#     maximum limit for the native heap growth. Please use -XX:HeapBaseMinAddress
#     to set the Java Heap base and to place the Java Heap above 32GB virtual address.
# This output file may be truncated or incomplete.
#
#  Out of Memory Error (virtualSpaceNode.cpp:108), pid=28912, tid=31580
#
# JRE version: OpenJDK Runtime Environment Corretto-16.0.2.7.1 (16.0.2+7) (build 16.0.2+7)
# Java VM: OpenJDK 64-Bit Server VM Corretto-16.0.2.7.1 (16.0.2+7, mixed mode, tiered, compressed oops, compressed class ptrs, g1 gc, windows-amd64)
# No core dump will be written. Minidumps are not enabled by default on client versions of Windows
#

---------------  S U M M A R Y ------------

Command Line: -Dmaven.multiModuleProjectDirectory=C:\Users\hishh\IdeaProjects\Drawer -Dmaven.home=C:\Program Files\JetBrains\IntelliJ IDEA 2022.1.4\plugins\maven\lib\maven3 -Dclassworlds.conf=C:\Program Files\JetBrains\IntelliJ IDEA 2022.1.4\plugins\maven\lib\maven3\bin\m2.conf -Dmaven.ext.class.path=C:\Program Files\JetBrains\IntelliJ IDEA 2022.1.4\plugins\maven\lib\maven-event-listener.jar -javaagent:C:\Program Files\JetBrains\IntelliJ IDEA 2022.1.4\lib\idea_rt.jar=54476:C:\Program Files\JetBrains\IntelliJ IDEA 2022.1.4\bin -Dfile.encoding=UTF-8 org.codehaus.classworlds.Launcher -Didea.version=2022.1.4 clean install

Host: Intel(R) Core(TM) i5-10300H CPU @ 2.50GHz, 8 cores, 15G,  Windows 10 , 64 bit Build 19041 (10.0.19041.3636)
Time: Tue Jan 23 14:37:22 2024 Paris, Madrid elapsed time: 0.170381 seconds (0d 0h 0m 0s)

---------------  T H R E A D  ---------------

Current thread (0x0000016368e35370):  JavaThread "main" [_thread_in_vm, id=31580, stack(0x0000001862e00000,0x0000001862f00000)]

Stack: [0x0000001862e00000,0x0000001862f00000]
Native frames: (J=compiled Java code, j=interpreted, Vv=VM code, C=native code)
V  [jvm.dll+0x647e0a]
V  [jvm.dll+0x7f0549]
V  [jvm.dll+0x7f1cfe]
V  [jvm.dll+0x7f2343]
V  [jvm.dll+0x23dd88]
V  [jvm.dll+0x7ecd8b]
V  [jvm.dll+0x5ef1d6]
V  [jvm.dll+0x5ef23a]
V  [jvm.dll+0x5f1728]
V  [jvm.dll+0x5efad1]
V  [jvm.dll+0x5f9567]
V  [jvm.dll+0x1e5aaa]
V  [jvm.dll+0x1e5f35]
V  [jvm.dll+0x1e6ab9]
V  [jvm.dll+0x1dbef9]
V  [jvm.dll+0x51baa8]
V  [jvm.dll+0x1ece02]
V  [jvm.dll+0x76abc6]
V  [jvm.dll+0x76c3de]
V  [jvm.dll+0x76c723]
V  [jvm.dll+0x235c88]
V  [jvm.dll+0x36bd01]
C  0x000001630001c3b7

Java frames: (J=compiled Java code, j=interpreted, Vv=VM code)
j  java.nio.Bits.<clinit>()V+41 java.base@16.0.2
v  ~StubRoutines::call_stub
j  java.nio.DirectByteBuffer.<clinit>()V+29 java.base@16.0.2
v  ~StubRoutines::call_stub
j  jdk.internal.perf.Perf.createLong(Ljava/lang/String;IIJ)Ljava/nio/ByteBuffer;+0 java.base@16.0.2
j  jdk.internal.perf.PerfCounter.<init>(Ljava/lang/String;I)V+16 java.base@16.0.2
j  jdk.internal.perf.PerfCounter.newPerfCounter(Ljava/lang/String;)Ljdk/internal/perf/PerfCounter;+6 java.base@16.0.2
j  jdk.internal.perf.PerfCounter$CoreCounters.<clinit>()V+2 java.base@16.0.2
v  ~StubRoutines::call_stub
j  jdk.internal.perf.PerfCounter.getZipFileOpenTime()Ljdk/internal/perf/PerfCounter;+0 java.base@16.0.2
j  java.util.zip.ZipFile.<init>(Ljava/io/File;ILjava/nio/charset/Charset;)V+129 java.base@16.0.2
j  java.util.zip.ZipFile.<init>(Ljava/io/File;I)V+6 java.base@16.0.2
j  java.util.jar.JarFile.<init>(Ljava/io/File;ZILjava/lang/Runtime$Version;)V+3 java.base@16.0.2
j  jdk.internal.loader.URLClassPath$JarLoader.getJarFile(Ljava/net/URL;)Ljava/util/jar/JarFile;+56 java.base@16.0.2
j  jdk.internal.loader.URLClassPath$JarLoader$1.run()Ljava/lang/Void;+55 java.base@16.0.2
j  jdk.internal.loader.URLClassPath$JarLoader$1.run()Ljava/lang/Object;+1 java.base@16.0.2
j  java.security.AccessController.executePrivileged(Ljava/security/PrivilegedExceptionAction;Ljava/security/AccessControlContext;Ljava/lang/Class;)Ljava/lang/Object;+29 java.base@16.0.2
j  java.security.AccessController.doPrivileged(Ljava/security/PrivilegedExceptionAction;Ljava/security/AccessControlContext;)Ljava/lang/Object;+13 java.base@16.0.2
j  jdk.internal.loader.URLClassPath$JarLoader.ensureOpen()V+19 java.base@16.0.2
j  jdk.internal.loader.URLClassPath$JarLoader.<init>(Ljava/net/URL;Ljava/net/URLStreamHandler;Ljava/util/HashMap;Ljava/security/AccessControlContext;)V+63 java.base@16.0.2
j  jdk.internal.loader.URLClassPath$3.run()Ljdk/internal/loader/URLClassPath$Loader;+168 java.base@16.0.2
j  jdk.internal.loader.URLClassPath$3.run()Ljava/lang/Object;+1 java.base@16.0.2
j  java.security.AccessController.executePrivileged(Ljava/security/PrivilegedExceptionAction;Ljava/security/AccessControlContext;Ljava/lang/Class;)Ljava/lang/Object;+29 java.base@16.0.2
j  java.security.AccessController.doPrivileged(Ljava/security/PrivilegedExceptionAction;Ljava/security/AccessControlContext;)Ljava/lang/Object;+13 java.base@16.0.2
j  jdk.internal.loader.URLClassPath.getLoader(Ljava/net/URL;)Ljdk/internal/loader/URLClassPath$Loader;+13 java.base@16.0.2
j  jdk.internal.loader.URLClassPath.getLoader(I)Ljdk/internal/loader/URLClassPath$Loader;+81 java.base@16.0.2
j  jdk.internal.loader.URLClassPath.getResource(Ljava/lang/String;Z)Ljdk/internal/loader/Resource;+42 java.base@16.0.2
j  jdk.internal.loader.BuiltinClassLoader.findClassOnClassPathOrNull(Ljava/lang/String;)Ljava/lang/Class;+26 java.base@16.0.2
j  jdk.internal.loader.BuiltinClassLoader.loadClassOrNull(Ljava/lang/String;Z)Ljava/lang/Class;+111 java.base@16.0.2
j  jdk.internal.loader.BuiltinClassLoader.loadClass(Ljava/lang/String;Z)Ljava/lang/Class;+3 java.base@16.0.2
j  jdk.internal.loader.ClassLoaders$AppClassLoader.loadClass(Ljava/lang/String;Z)Ljava/lang/Class;+36 java.base@16.0.2
j  java.lang.ClassLoader.loadClass(Ljava/lang/String;)Ljava/lang/Class;+3 java.base@16.0.2
j  sun.instrument.InstrumentationImpl.loadClassAndStartAgent(Ljava/lang/String;Ljava/lang/String;Ljava/lang/String;)V+8 java.instrument@16.0.2
j  sun.instrument.InstrumentationImpl.loadClassAndCallPremain(Ljava/lang/String;Ljava/lang/String;)V+6 java.instrument@16.0.2
v  ~StubRoutines::call_stub

---------------  P R O C E S S  ---------------

Threads class SMR info:
_java_thread_list=0x000001630f9a9310, length=12, elements={
0x0000016368e35370, 0x000001637db2d7d0, 0x000001630f8453e0, 0x000001630f8724b0,
0x000001630f874dd0, 0x000001630f876250, 0x000001630f87c990, 0x000001630f87fee0,
0x000001630f881130, 0x000001630f88c2d0, 0x000001637dae2e60, 0x000001630fa1c000
}

Java Threads: ( => current thread )
=>0x0000016368e35370 JavaThread "main" [_thread_in_vm, id=31580, stack(0x0000001862e00000,0x0000001862f00000)]
  0x000001637db2d7d0 JavaThread "Reference Handler" daemon [_thread_blocked, id=12852, stack(0x0000001863500000,0x0000001863600000)]
  0x000001630f8453e0 JavaThread "Finalizer" daemon [_thread_blocked, id=26836, stack(0x0000001863600000,0x0000001863700000)]
  0x000001630f8724b0 JavaThread "Signal Dispatcher" daemon [_thread_blocked, id=23012, stack(0x0000001863700000,0x0000001863800000)]
  0x000001630f874dd0 JavaThread "Attach Listener" daemon [_thread_blocked, id=24152, stack(0x0000001863800000,0x0000001863900000)]
  0x000001630f876250 JavaThread "Service Thread" daemon [_thread_blocked, id=31892, stack(0x0000001863900000,0x0000001863a00000)]
  0x000001630f87c990 JavaThread "Monitor Deflation Thread" daemon [_thread_blocked, id=4156, stack(0x0000001863a00000,0x0000001863b00000)]
  0x000001630f87fee0 JavaThread "C2 CompilerThread0" daemon [_thread_blocked, id=24764, stack(0x0000001863b00000,0x0000001863c00000)]
  0x000001630f881130 JavaThread "C1 CompilerThread0" daemon [_thread_blocked, id=21600, stack(0x0000001863c00000,0x0000001863d00000)]
  0x000001630f88c2d0 JavaThread "Sweeper thread" daemon [_thread_blocked, id=2704, stack(0x0000001863d00000,0x0000001863e00000)]
  0x000001637dae2e60 JavaThread "Common-Cleaner" daemon [_thread_blocked, id=9448, stack(0x0000001863e00000,0x0000001863f00000)]
  0x000001630fa1c000 JavaThread "C2 CompilerThread1" daemon [_thread_blocked, id=24120, stack(0x0000001863f00000,0x0000001864000000)]

Other Threads:
  0x000001637db29f20 VMThread "VM Thread" [stack: 0x0000001863400000,0x0000001863500000] [id=26220]
  0x0000016368e877e0 GCTaskThread "GC Thread#0" [stack: 0x0000001862f00000,0x0000001863000000] [id=6604]
  0x0000016368e98550 ConcurrentGCThread "G1 Main Marker" [stack: 0x0000001863000000,0x0000001863100000] [id=22392]
  0x0000016368e99a40 ConcurrentGCThread "G1 Conc#0" [stack: 0x0000001863100000,0x0000001863200000] [id=19112]
  0x000001637d9b4980 ConcurrentGCThread "G1 Refine#0" [stack: 0x0000001863200000,0x0000001863300000] [id=17220]
  0x0000016368ee9fc0 ConcurrentGCThread "G1 Service" [stack: 0x0000001863300000,0x0000001863400000] [id=21536]

Threads with active compile tasks:

VM state: not at safepoint (normal execution)

VM Mutex/Monitor currently owned by a thread:  ([mutex/lock_event])
[0x0000016368e32fc0] MetaspaceExpand_lock - owner thread: 0x0000016368e35370

Heap address: 0x0000000702a00000, size: 4054 MB, Compressed Oops mode: Zero based, Oop shift amount: 3

CDS disabled.
Compressed class space mapped at: 0x0000000800000000-0x0000000840000000, reserved size: 1073741824
Narrow klass base: 0x0000000800000000, Narrow klass shift: 0, Narrow klass range: 0x40000000

GC Precious Log:
 CPUs: 8 total, 8 available
 Memory: 16215M
 Large Page Support: Disabled
 NUMA Support: Disabled
 Compressed Oops: Enabled (Zero based)
 Heap Region Size: 2M
 Heap Min Capacity: 8M
 Heap Initial Capacity: 254M
 Heap Max Capacity: 4054M
 Pre-touch: Disabled
 Parallel Workers: 8
 Concurrent Workers: 2
 Concurrent Refinement Workers: 8
 Periodic GC: Disabled

Heap:
 garbage-first heap   total 260096K, used 2048K [0x0000000702a00000, 0x0000000800000000)
  region size 2048K, 2 young (4096K), 0 survivors (0K)
 Metaspace       used 5919K, committed 6016K, reserved 1056768K
  class space    used 478K, committed 512K, reserved 1048576K

Heap Regions: E=young(eden), S=young(survivor), O=old, HS=humongous(starts), HC=humongous(continues), CS=collection set, F=free, OA=open archive, CA=closed archive, TAMS=top-at-mark-start (previous, next)
|   0|0x0000000702a00000, 0x0000000702a00000, 0x0000000702c00000|  0%| F|  |TAMS 0x0000000702a00000, 0x0000000702a00000| Untracked 
|   1|0x0000000702c00000, 0x0000000702c00000, 0x0000000702e00000|  0%| F|  |TAMS 0x0000000702c00000, 0x0000000702c00000| Untracked 
|   2|0x0000000702e00000, 0x0000000702e00000, 0x0000000703000000|  0%| F|  |TAMS 0x0000000702e00000, 0x0000000702e00000| Untracked 
|   3|0x0000000703000000, 0x0000000703000000, 0x0000000703200000|  0%| F|  |TAMS 0x0000000703000000, 0x0000000703000000| Untracked 
|   4|0x0000000703200000, 0x0000000703200000, 0x0000000703400000|  0%| F|  |TAMS 0x0000000703200000, 0x0000000703200000| Untracked 
|   5|0x0000000703400000, 0x0000000703400000, 0x0000000703600000|  0%| F|  |TAMS 0x0000000703400000, 0x0000000703400000| Untracked 
|   6|0x0000000703600000, 0x0000000703600000, 0x0000000703800000|  0%| F|  |TAMS 0x0000000703600000, 0x0000000703600000| Untracked 
|   7|0x0000000703800000, 0x0000000703800000, 0x0000000703a00000|  0%| F|  |TAMS 0x0000000703800000, 0x0000000703800000| Untracked 
|   8|0x0000000703a00000, 0x0000000703a00000, 0x0000000703c00000|  0%| F|  |TAMS 0x0000000703a00000, 0x0000000703a00000| Untracked 
|   9|0x0000000703c00000, 0x0000000703c00000, 0x0000000703e00000|  0%| F|  |TAMS 0x0000000703c00000, 0x0000000703c00000| Untracked 
|  10|0x0000000703e00000, 0x0000000703e00000, 0x0000000704000000|  0%| F|  |TAMS 0x0000000703e00000, 0x0000000703e00000| Untracked 
|  11|0x0000000704000000, 0x0000000704000000, 0x0000000704200000|  0%| F|  |TAMS 0x0000000704000000, 0x0000000704000000| Untracked 
|  12|0x0000000704200000, 0x0000000704200000, 0x0000000704400000|  0%| F|  |TAMS 0x0000000704200000, 0x0000000704200000| Untracked 
|  13|0x0000000704400000, 0x0000000704400000, 0x0000000704600000|  0%| F|  |TAMS 0x0000000704400000, 0x0000000704400000| Untracked 
|  14|0x0000000704600000, 0x0000000704600000, 0x0000000704800000|  0%| F|  |TAMS 0x0000000704600000, 0x0000000704600000| Untracked 
|  15|0x0000000704800000, 0x0000000704800000, 0x0000000704a00000|  0%| F|  |TAMS 0x0000000704800000, 0x0000000704800000| Untracked 
|  16|0x0000000704a00000, 0x0000000704a00000, 0x0000000704c00000|  0%| F|  |TAMS 0x0000000704a00000, 0x0000000704a00000| Untracked 
|  17|0x0000000704c00000, 0x0000000704c00000, 0x0000000704e00000|  0%| F|  |TAMS 0x0000000704c00000, 0x0000000704c00000| Untracked 
|  18|0x0000000704e00000, 0x0000000704e00000, 0x0000000705000000|  0%| F|  |TAMS 0x0000000704e00000, 0x0000000704e00000| Untracked 
|  19|0x0000000705000000, 0x0000000705000000, 0x0000000705200000|  0%| F|  |TAMS 0x0000000705000000, 0x0000000705000000| Untracked 
|  20|0x0000000705200000, 0x0000000705200000, 0x0000000705400000|  0%| F|  |TAMS 0x0000000705200000, 0x0000000705200000| Untracked 
|  21|0x0000000705400000, 0x0000000705400000, 0x0000000705600000|  0%| F|  |TAMS 0x0000000705400000, 0x0000000705400000| Untracked 
|  22|0x0000000705600000, 0x0000000705600000, 0x0000000705800000|  0%| F|  |TAMS 0x0000000705600000, 0x0000000705600000| Untracked 
|  23|0x0000000705800000, 0x0000000705800000, 0x0000000705a00000|  0%| F|  |TAMS 0x0000000705800000, 0x0000000705800000| Untracked 
|  24|0x0000000705a00000, 0x0000000705a00000, 0x0000000705c00000|  0%| F|  |TAMS 0x0000000705a00000, 0x0000000705a00000| Untracked 
|  25|0x0000000705c00000, 0x0000000705c00000, 0x0000000705e00000|  0%| F|  |TAMS 0x0000000705c00000, 0x0000000705c00000| Untracked 
|  26|0x0000000705e00000, 0x0000000705e00000, 0x0000000706000000|  0%| F|  |TAMS 0x0000000705e00000, 0x0000000705e00000| Untracked 
|  27|0x0000000706000000, 0x0000000706000000, 0x0000000706200000|  0%| F|  |TAMS 0x0000000706000000, 0x0000000706000000| Untracked 
|  28|0x0000000706200000, 0x0000000706200000, 0x0000000706400000|  0%| F|  |TAMS 0x0000000706200000, 0x0000000706200000| Untracked 
|  29|0x0000000706400000, 0x0000000706400000, 0x0000000706600000|  0%| F|  |TAMS 0x0000000706400000, 0x0000000706400000| Untracked 
|  30|0x0000000706600000, 0x0000000706600000, 0x0000000706800000|  0%| F|  |TAMS 0x0000000706600000, 0x0000000706600000| Untracked 
|  31|0x0000000706800000, 0x0000000706800000, 0x0000000706a00000|  0%| F|  |TAMS 0x0000000706800000, 0x0000000706800000| Untracked 
|  32|0x0000000706a00000, 0x0000000706a00000, 0x0000000706c00000|  0%| F|  |TAMS 0x0000000706a00000, 0x0000000706a00000| Untracked 
|  33|0x0000000706c00000, 0x0000000706c00000, 0x0000000706e00000|  0%| F|  |TAMS 0x0000000706c00000, 0x0000000706c00000| Untracked 
|  34|0x0000000706e00000, 0x0000000706e00000, 0x0000000707000000|  0%| F|  |TAMS 0x0000000706e00000, 0x0000000706e00000| Untracked 
|  35|0x0000000707000000, 0x0000000707000000, 0x0000000707200000|  0%| F|  |TAMS 0x0000000707000000, 0x0000000707000000| Untracked 
|  36|0x0000000707200000, 0x0000000707200000, 0x0000000707400000|  0%| F|  |TAMS 0x0000000707200000, 0x0000000707200000| Untracked 
|  37|0x0000000707400000, 0x0000000707400000, 0x0000000707600000|  0%| F|  |TAMS 0x0000000707400000, 0x0000000707400000| Untracked 
|  38|0x0000000707600000, 0x0000000707600000, 0x0000000707800000|  0%| F|  |TAMS 0x0000000707600000, 0x0000000707600000| Untracked 
|  39|0x0000000707800000, 0x0000000707800000, 0x0000000707a00000|  0%| F|  |TAMS 0x0000000707800000, 0x0000000707800000| Untracked 
|  40|0x0000000707a00000, 0x0000000707a00000, 0x0000000707c00000|  0%| F|  |TAMS 0x0000000707a00000, 0x0000000707a00000| Untracked 
|  41|0x0000000707c00000, 0x0000000707c00000, 0x0000000707e00000|  0%| F|  |TAMS 0x0000000707c00000, 0x0000000707c00000| Untracked 
|  42|0x0000000707e00000, 0x0000000707e00000, 0x0000000708000000|  0%| F|  |TAMS 0x0000000707e00000, 0x0000000707e00000| Untracked 
|  43|0x0000000708000000, 0x0000000708000000, 0x0000000708200000|  0%| F|  |TAMS 0x0000000708000000, 0x0000000708000000| Untracked 
|  44|0x0000000708200000, 0x0000000708200000, 0x0000000708400000|  0%| F|  |TAMS 0x0000000708200000, 0x0000000708200000| Untracked 
|  45|0x0000000708400000, 0x0000000708400000, 0x0000000708600000|  0%| F|  |TAMS 0x0000000708400000, 0x0000000708400000| Untracked 
|  46|0x0000000708600000, 0x0000000708600000, 0x0000000708800000|  0%| F|  |TAMS 0x0000000708600000, 0x0000000708600000| Untracked 
|  47|0x0000000708800000, 0x0000000708800000, 0x0000000708a00000|  0%| F|  |TAMS 0x0000000708800000, 0x0000000708800000| Untracked 
|  48|0x0000000708a00000, 0x0000000708a00000, 0x0000000708c00000|  0%| F|  |TAMS 0x0000000708a00000, 0x0000000708a00000| Untracked 
|  49|0x0000000708c00000, 0x0000000708c00000, 0x0000000708e00000|  0%| F|  |TAMS 0x0000000708c00000, 0x0000000708c00000| Untracked 
|  50|0x0000000708e00000, 0x0000000708e00000, 0x0000000709000000|  0%| F|  |TAMS 0x0000000708e00000, 0x0000000708e00000| Untracked 
|  51|0x0000000709000000, 0x0000000709000000, 0x0000000709200000|  0%| F|  |TAMS 0x0000000709000000, 0x0000000709000000| Untracked 
|  52|0x0000000709200000, 0x0000000709200000, 0x0000000709400000|  0%| F|  |TAMS 0x0000000709200000, 0x0000000709200000| Untracked 
|  53|0x0000000709400000, 0x0000000709400000, 0x0000000709600000|  0%| F|  |TAMS 0x0000000709400000, 0x0000000709400000| Untracked 
|  54|0x0000000709600000, 0x0000000709600000, 0x0000000709800000|  0%| F|  |TAMS 0x0000000709600000, 0x0000000709600000| Untracked 
|  55|0x0000000709800000, 0x0000000709800000, 0x0000000709a00000|  0%| F|  |TAMS 0x0000000709800000, 0x0000000709800000| Untracked 
|  56|0x0000000709a00000, 0x0000000709a00000, 0x0000000709c00000|  0%| F|  |TAMS 0x0000000709a00000, 0x0000000709a00000| Untracked 
|  57|0x0000000709c00000, 0x0000000709c00000, 0x0000000709e00000|  0%| F|  |TAMS 0x0000000709c00000, 0x0000000709c00000| Untracked 
|  58|0x0000000709e00000, 0x0000000709e00000, 0x000000070a000000|  0%| F|  |TAMS 0x0000000709e00000, 0x0000000709e00000| Untracked 
|  59|0x000000070a000000, 0x000000070a000000, 0x000000070a200000|  0%| F|  |TAMS 0x000000070a000000, 0x000000070a000000| Untracked 
|  60|0x000000070a200000, 0x000000070a200000, 0x000000070a400000|  0%| F|  |TAMS 0x000000070a200000, 0x000000070a200000| Untracked 
|  61|0x000000070a400000, 0x000000070a400000, 0x000000070a600000|  0%| F|  |TAMS 0x000000070a400000, 0x000000070a400000| Untracked 
|  62|0x000000070a600000, 0x000000070a600000, 0x000000070a800000|  0%| F|  |TAMS 0x000000070a600000, 0x000000070a600000| Untracked 
|  63|0x000000070a800000, 0x000000070a800000, 0x000000070aa00000|  0%| F|  |TAMS 0x000000070a800000, 0x000000070a800000| Untracked 
|  64|0x000000070aa00000, 0x000000070aa00000, 0x000000070ac00000|  0%| F|  |TAMS 0x000000070aa00000, 0x000000070aa00000| Untracked 
|  65|0x000000070ac00000, 0x000000070ac00000, 0x000000070ae00000|  0%| F|  |TAMS 0x000000070ac00000, 0x000000070ac00000| Untracked 
|  66|0x000000070ae00000, 0x000000070ae00000, 0x000000070b000000|  0%| F|  |TAMS 0x000000070ae00000, 0x000000070ae00000| Untracked 
|  67|0x000000070b000000, 0x000000070b000000, 0x000000070b200000|  0%| F|  |TAMS 0x000000070b000000, 0x000000070b000000| Untracked 
|  68|0x000000070b200000, 0x000000070b200000, 0x000000070b400000|  0%| F|  |TAMS 0x000000070b200000, 0x000000070b200000| Untracked 
|  69|0x000000070b400000, 0x000000070b400000, 0x000000070b600000|  0%| F|  |TAMS 0x000000070b400000, 0x000000070b400000| Untracked 
|  70|0x000000070b600000, 0x000000070b600000, 0x000000070b800000|  0%| F|  |TAMS 0x000000070b600000, 0x000000070b600000| Untracked 
|  71|0x000000070b800000, 0x000000070b800000, 0x000000070ba00000|  0%| F|  |TAMS 0x000000070b800000, 0x000000070b800000| Untracked 
|  72|0x000000070ba00000, 0x000000070ba00000, 0x000000070bc00000|  0%| F|  |TAMS 0x000000070ba00000, 0x000000070ba00000| Untracked 
|  73|0x000000070bc00000, 0x000000070bc00000, 0x000000070be00000|  0%| F|  |TAMS 0x000000070bc00000, 0x000000070bc00000| Untracked 
|  74|0x000000070be00000, 0x000000070be00000, 0x000000070c000000|  0%| F|  |TAMS 0x000000070be00000, 0x000000070be00000| Untracked 
|  75|0x000000070c000000, 0x000000070c000000, 0x000000070c200000|  0%| F|  |TAMS 0x000000070c000000, 0x000000070c000000| Untracked 
|  76|0x000000070c200000, 0x000000070c200000, 0x000000070c400000|  0%| F|  |TAMS 0x000000070c200000, 0x000000070c200000| Untracked 
|  77|0x000000070c400000, 0x000000070c400000, 0x000000070c600000|  0%| F|  |TAMS 0x000000070c400000, 0x000000070c400000| Untracked 
|  78|0x000000070c600000, 0x000000070c600000, 0x000000070c800000|  0%| F|  |TAMS 0x000000070c600000, 0x000000070c600000| Untracked 
|  79|0x000000070c800000, 0x000000070c800000, 0x000000070ca00000|  0%| F|  |TAMS 0x000000070c800000, 0x000000070c800000| Untracked 
|  80|0x000000070ca00000, 0x000000070ca00000, 0x000000070cc00000|  0%| F|  |TAMS 0x000000070ca00000, 0x000000070ca00000| Untracked 
|  81|0x000000070cc00000, 0x000000070cc00000, 0x000000070ce00000|  0%| F|  |TAMS 0x000000070cc00000, 0x000000070cc00000| Untracked 
|  82|0x000000070ce00000, 0x000000070ce00000, 0x000000070d000000|  0%| F|  |TAMS 0x000000070ce00000, 0x000000070ce00000| Untracked 
|  83|0x000000070d000000, 0x000000070d000000, 0x000000070d200000|  0%| F|  |TAMS 0x000000070d000000, 0x000000070d000000| Untracked 
|  84|0x000000070d200000, 0x000000070d200000, 0x000000070d400000|  0%| F|  |TAMS 0x000000070d200000, 0x000000070d200000| Untracked 
|  85|0x000000070d400000, 0x000000070d400000, 0x000000070d600000|  0%| F|  |TAMS 0x000000070d400000, 0x000000070d400000| Untracked 
|  86|0x000000070d600000, 0x000000070d600000, 0x000000070d800000|  0%| F|  |TAMS 0x000000070d600000, 0x000000070d600000| Untracked 
|  87|0x000000070d800000, 0x000000070d800000, 0x000000070da00000|  0%| F|  |TAMS 0x000000070d800000, 0x000000070d800000| Untracked 
|  88|0x000000070da00000, 0x000000070da00000, 0x000000070dc00000|  0%| F|  |TAMS 0x000000070da00000, 0x000000070da00000| Untracked 
|  89|0x000000070dc00000, 0x000000070dc00000, 0x000000070de00000|  0%| F|  |TAMS 0x000000070dc00000, 0x000000070dc00000| Untracked 
|  90|0x000000070de00000, 0x000000070de00000, 0x000000070e000000|  0%| F|  |TAMS 0x000000070de00000, 0x000000070de00000| Untracked 
|  91|0x000000070e000000, 0x000000070e000000, 0x000000070e200000|  0%| F|  |TAMS 0x000000070e000000, 0x000000070e000000| Untracked 
|  92|0x000000070e200000, 0x000000070e200000, 0x000000070e400000|  0%| F|  |TAMS 0x000000070e200000, 0x000000070e200000| Untracked 
|  93|0x000000070e400000, 0x000000070e400000, 0x000000070e600000|  0%| F|  |TAMS 0x000000070e400000, 0x000000070e400000| Untracked 
|  94|0x000000070e600000, 0x000000070e600000, 0x000000070e800000|  0%| F|  |TAMS 0x000000070e600000, 0x000000070e600000| Untracked 
|  95|0x000000070e800000, 0x000000070e800000, 0x000000070ea00000|  0%| F|  |TAMS 0x000000070e800000, 0x000000070e800000| Untracked 
|  96|0x000000070ea00000, 0x000000070ea00000, 0x000000070ec00000|  0%| F|  |TAMS 0x000000070ea00000, 0x000000070ea00000| Untracked 
|  97|0x000000070ec00000, 0x000000070ec00000, 0x000000070ee00000|  0%| F|  |TAMS 0x000000070ec00000, 0x000000070ec00000| Untracked 
|  98|0x000000070ee00000, 0x000000070ee00000, 0x000000070f000000|  0%| F|  |TAMS 0x000000070ee00000, 0x000000070ee00000| Untracked 
|  99|0x000000070f000000, 0x000000070f000000, 0x000000070f200000|  0%| F|  |TAMS 0x000000070f000000, 0x000000070f000000| Untracked 
| 100|0x000000070f200000, 0x000000070f200000, 0x000000070f400000|  0%| F|  |TAMS 0x000000070f200000, 0x000000070f200000| Untracked 
| 101|0x000000070f400000, 0x000000070f400000, 0x000000070f600000|  0%| F|  |TAMS 0x000000070f400000, 0x000000070f400000| Untracked 
| 102|0x000000070f600000, 0x000000070f600000, 0x000000070f800000|  0%| F|  |TAMS 0x000000070f600000, 0x000000070f600000| Untracked 
| 103|0x000000070f800000, 0x000000070f800000, 0x000000070fa00000|  0%| F|  |TAMS 0x000000070f800000, 0x000000070f800000| Untracked 
| 104|0x000000070fa00000, 0x000000070fa00000, 0x000000070fc00000|  0%| F|  |TAMS 0x000000070fa00000, 0x000000070fa00000| Untracked 
| 105|0x000000070fc00000, 0x000000070fc00000, 0x000000070fe00000|  0%| F|  |TAMS 0x000000070fc00000, 0x000000070fc00000| Untracked 
| 106|0x000000070fe00000, 0x000000070fe00000, 0x0000000710000000|  0%| F|  |TAMS 0x000000070fe00000, 0x000000070fe00000| Untracked 
| 107|0x0000000710000000, 0x0000000710000000, 0x0000000710200000|  0%| F|  |TAMS 0x0000000710000000, 0x0000000710000000| Untracked 
| 108|0x0000000710200000, 0x0000000710200000, 0x0000000710400000|  0%| F|  |TAMS 0x0000000710200000, 0x0000000710200000| Untracked 
| 109|0x0000000710400000, 0x0000000710400000, 0x0000000710600000|  0%| F|  |TAMS 0x0000000710400000, 0x0000000710400000| Untracked 
| 110|0x0000000710600000, 0x0000000710600000, 0x0000000710800000|  0%| F|  |TAMS 0x0000000710600000, 0x0000000710600000| Untracked 
| 111|0x0000000710800000, 0x0000000710800000, 0x0000000710a00000|  0%| F|  |TAMS 0x0000000710800000, 0x0000000710800000| Untracked 
| 112|0x0000000710a00000, 0x0000000710a00000, 0x0000000710c00000|  0%| F|  |TAMS 0x0000000710a00000, 0x0000000710a00000| Untracked 
| 113|0x0000000710c00000, 0x0000000710c00000, 0x0000000710e00000|  0%| F|  |TAMS 0x0000000710c00000, 0x0000000710c00000| Untracked 
| 114|0x0000000710e00000, 0x0000000710e00000, 0x0000000711000000|  0%| F|  |TAMS 0x0000000710e00000, 0x0000000710e00000| Untracked 
| 115|0x0000000711000000, 0x0000000711000000, 0x0000000711200000|  0%| F|  |TAMS 0x0000000711000000, 0x0000000711000000| Untracked 
| 116|0x0000000711200000, 0x0000000711200000, 0x0000000711400000|  0%| F|  |TAMS 0x0000000711200000, 0x0000000711200000| Untracked 
| 117|0x0000000711400000, 0x0000000711400000, 0x0000000711600000|  0%| F|  |TAMS 0x0000000711400000, 0x0000000711400000| Untracked 
| 118|0x0000000711600000, 0x0000000711600000, 0x0000000711800000|  0%| F|  |TAMS 0x0000000711600000, 0x0000000711600000| Untracked 
| 119|0x0000000711800000, 0x0000000711800000, 0x0000000711a00000|  0%| F|  |TAMS 0x0000000711800000, 0x0000000711800000| Untracked 
| 120|0x0000000711a00000, 0x0000000711a00000, 0x0000000711c00000|  0%| F|  |TAMS 0x0000000711a00000, 0x0000000711a00000| Untracked 
| 121|0x0000000711c00000, 0x0000000711c00000, 0x0000000711e00000|  0%| F|  |TAMS 0x0000000711c00000, 0x0000000711c00000| Untracked 
| 122|0x0000000711e00000, 0x0000000711e00000, 0x0000000712000000|  0%| F|  |TAMS 0x0000000711e00000, 0x0000000711e00000| Untracked 
| 123|0x0000000712000000, 0x0000000712000000, 0x0000000712200000|  0%| F|  |TAMS 0x0000000712000000, 0x0000000712000000| Untracked 
| 124|0x0000000712200000, 0x0000000712200000, 0x0000000712400000|  0%| F|  |TAMS 0x0000000712200000, 0x0000000712200000| Untracked 
| 125|0x0000000712400000, 0x0000000712471268, 0x0000000712600000| 22%| E|  |TAMS 0x0000000712400000, 0x0000000712400000| Complete 
| 126|0x0000000712600000, 0x0000000712800000, 0x0000000712800000|100%| E|CS|TAMS 0x0000000712600000, 0x0000000712600000| Complete 

Card table byte_map: [0x00000163721f0000,0x00000163729e0000] _byte_map_base: 0x000001636e9db000

Marking Bits (Prev, Next): (CMBitMap*) 0x0000016368e87d60, (CMBitMap*) 0x0000016368e87da0
 Prev Bits: [0x00000163731d0000, 0x0000016377128000)
 Next Bits: [0x0000016377130000, 0x000001637b088000)

Polling page: 0x0000016366d00000

Metaspace:

Usage:
  Non-class:      5.31 MB used.
      Class:    478.35 KB used.
       Both:      5.78 MB used.

Virtual space:
  Non-class space:        8.00 MB reserved,       5.38 MB ( 67%) committed,  1 nodes.
      Class space:        1.00 GB reserved,     512.00 KB ( <1%) committed,  1 nodes.
              Both:        1.01 GB reserved,       5.88 MB ( <1%) committed. 

Chunk freelists:
   Non-Class:  2.50 MB
       Class:  3.53 MB
        Both:  6.03 MB

MaxMetaspaceSize: 17179869184.00 GB
CompressedClassSpaceSize: 1.00 GB
 - commit_granule_bytes: 65536.
 - commit_granule_words: 8192.
 - virtual_space_node_default_size: 1048576.
 - enlarge_chunks_in_place: 1.
 - new_chunks_are_fully_committed: 0.
 - uncommit_free_chunks: 1.
 - use_allocation_guard: 0.
 - handle_deallocations: 1.


Internal statistics:

num_allocs_failed_limit: 0.
num_arena_births: 4.
num_arena_deaths: 0.
num_vsnodes_births: 2.
num_vsnodes_deaths: 0.
num_space_committed: 94.
num_space_uncommitted: 0.
num_chunks_returned_to_freelist: 0.
num_chunks_taken_from_freelist: 10.
num_chunk_merges: 0.
num_chunk_splits: 3.
num_chunks_enlarged: 1.
num_purges: 0.

CodeHeap 'non-profiled nmethods': size=120000Kb used=53Kb max_used=53Kb free=119947Kb
 bounds [0x0000016307ad0000, 0x0000016307d40000, 0x000001630f000000]
CodeHeap 'profiled nmethods': size=120000Kb used=178Kb max_used=178Kb free=119821Kb
 bounds [0x00000163005a0000, 0x0000016300810000, 0x0000016307ad0000]
CodeHeap 'non-nmethods': size=5760Kb used=1093Kb max_used=1101Kb free=4666Kb
 bounds [0x0000016300000000, 0x0000016300270000, 0x00000163005a0000]
 total_blobs=518 nmethods=160 adapters=271
 compilation: enabled
              stopped_count=0, restarted_count=0
 full_count=0

Compilation events (20 events):
Event: 0.143 Thread 0x000001630f881130 nmethod 151 0x0000016307adc090 code [0x0000016307adc220, 0x0000016307adc2f8]
Event: 0.147 Thread 0x000001630f881130  152       3       java.lang.String::indexOf (29 bytes)
Event: 0.147 Thread 0x000001630f881130 nmethod 152 0x00000163005c8d90 code [0x00000163005c8f60, 0x00000163005c9218]
Event: 0.147 Thread 0x000001630f881130  153       3       java.lang.StringLatin1::indexOf (36 bytes)
Event: 0.148 Thread 0x000001630f881130 nmethod 153 0x00000163005c9310 code [0x00000163005c94e0, 0x00000163005c9918]
Event: 0.149 Thread 0x000001630f881130  154       3       java.util.concurrent.ConcurrentHashMap::get (162 bytes)
Event: 0.150 Thread 0x000001630f87fee0 nmethod 143 0x0000016307adc390 code [0x0000016307adc580, 0x0000016307adcf18]
Event: 0.150 Thread 0x000001630f881130 nmethod 154 0x00000163005c9a90 code [0x00000163005c9ce0, 0x00000163005ca7e8]
Event: 0.152 Thread 0x000001630f881130  155       3       java.lang.AbstractStringBuilder::isLatin1 (19 bytes)
Event: 0.152 Thread 0x000001630f881130 nmethod 155 0x00000163005cab10 code [0x00000163005caca0, 0x00000163005cae18]
Event: 0.152 Thread 0x000001630f881130  156       3       java.lang.StringBuilder::append (8 bytes)
Event: 0.152 Thread 0x000001630f881130 nmethod 156 0x00000163005cae90 code [0x00000163005cb040, 0x00000163005cb188]
Event: 0.152 Thread 0x000001630f881130  157       3       java.lang.AbstractStringBuilder::append (77 bytes)
Event: 0.152 Thread 0x000001630f881130 nmethod 157 0x00000163005cb210 code [0x00000163005cb420, 0x00000163005cbac8]
Event: 0.156 Thread 0x000001630f881130  158       3       java.lang.String::indexOf (7 bytes)
Event: 0.156 Thread 0x000001630f881130 nmethod 158 0x00000163005cbd10 code [0x00000163005cbee0, 0x00000163005cc1f8]
Event: 0.158 Thread 0x000001630f881130  159       3       java.lang.StringUTF16::getChar (60 bytes)
Event: 0.158 Thread 0x000001630f881130 nmethod 159 0x00000163005cc310 code [0x00000163005cc4c0, 0x00000163005cc638]
Event: 0.166 Thread 0x000001630f881130  160       3       java.util.zip.ZipUtils::SH (21 bytes)
Event: 0.166 Thread 0x000001630f881130 nmethod 160 0x00000163005cc710 code [0x00000163005cc8a0, 0x00000163005cc9f8]

GC Heap History (0 events):
No events

Deoptimization events (4 events):
Event: 0.158 Thread 0x0000016368e35370 Uncommon trap: trap_request=0xffffff45 fr.pc=0x0000016307ad7c7c relative=0x000000000000005c
Event: 0.158 Thread 0x0000016368e35370 Uncommon trap: reason=unstable_if action=reinterpret pc=0x0000016307ad7c7c method=java.lang.String.isLatin1()Z @ 10 c2
Event: 0.158 Thread 0x0000016368e35370 DEOPT PACKING pc=0x0000016307ad7c7c sp=0x0000001862efcb90
Event: 0.158 Thread 0x0000016368e35370 DEOPT UNPACKING pc=0x000001630004d72e sp=0x0000001862efcb20 mode 2

Classes unloaded (0 events):
No events

Classes redefined (0 events):
No events

Internal exceptions (0 events):
No events

Events (20 events):
Event: 0.166 loading class java/util/concurrent/TimeUnit done
Event: 0.166 loading class java/nio/file/attribute/FileTime
Event: 0.166 loading class java/nio/file/attribute/FileTime done
Event: 0.166 loading class jdk/internal/perf/PerfCounter
Event: 0.167 loading class jdk/internal/perf/PerfCounter done
Event: 0.167 loading class jdk/internal/perf/Perf$GetPerfAction
Event: 0.167 loading class jdk/internal/perf/Perf$GetPerfAction done
Event: 0.167 loading class jdk/internal/perf/Perf
Event: 0.167 loading class jdk/internal/perf/Perf done
Event: 0.167 loading class jdk/internal/perf/PerfCounter$CoreCounters
Event: 0.167 loading class jdk/internal/perf/PerfCounter$CoreCounters done
Event: 0.167 loading class sun/nio/ch/DirectBuffer
Event: 0.167 loading class sun/nio/ch/DirectBuffer done
Event: 0.167 loading class java/nio/DirectByteBuffer
Event: 0.167 loading class java/nio/MappedByteBuffer
Event: 0.167 loading class java/nio/MappedByteBuffer done
Event: 0.167 loading class java/nio/DirectByteBuffer done
Event: 0.167 loading class java/nio/Bits
Event: 0.167 loading class java/nio/Bits done
Event: 0.167 loading class java/util/concurrent/atomic/AtomicLong


Dynamic libraries:
0x00007ff63e240000 - 0x00007ff63e24d000 	C:\Users\hishh\.jdks\corretto-16.0.2\bin\java.exe
0x00007ffa7f510000 - 0x00007ffa7f708000 	C:\WINDOWS\SYSTEM32\ntdll.dll
0x00007ffa5abf0000 - 0x00007ffa5ac09000 	C:\Program Files\Avast Software\Avast\aswhook.dll
0x00007ffa7f410000 - 0x00007ffa7f4cd000 	C:\WINDOWS\System32\KERNEL32.DLL
0x00007ffa7d260000 - 0x00007ffa7d556000 	C:\WINDOWS\System32\KERNELBASE.dll
0x00007ffa7ce60000 - 0x00007ffa7cf60000 	C:\WINDOWS\System32\ucrtbase.dll
0x00007ffa71aa0000 - 0x00007ffa71ab8000 	C:\Users\hishh\.jdks\corretto-16.0.2\bin\jli.dll
0x00007ffa718d0000 - 0x00007ffa718e5000 	C:\Users\hishh\.jdks\corretto-16.0.2\bin\VCRUNTIME140.dll
0x00007ffa7f130000 - 0x00007ffa7f2ce000 	C:\WINDOWS\System32\USER32.dll
0x00007ffa7cda0000 - 0x00007ffa7cdc2000 	C:\WINDOWS\System32\win32u.dll
0x00007ffa58b00000 - 0x00007ffa58d9a000 	C:\WINDOWS\WinSxS\amd64_microsoft.windows.common-controls_6595b64144ccf1df_6.0.19041.3636_none_60b6a03d71f818d5\COMCTL32.dll
0x00007ffa7d580000 - 0x00007ffa7d5ac000 	C:\WINDOWS\System32\GDI32.dll
0x00007ffa7d9a0000 - 0x00007ffa7da3e000 	C:\WINDOWS\System32\msvcrt.dll
0x00007ffa7d0c0000 - 0x00007ffa7d1da000 	C:\WINDOWS\System32\gdi32full.dll
0x00007ffa7cd00000 - 0x00007ffa7cd9d000 	C:\WINDOWS\System32\msvcp_win.dll
0x00007ffa7e5f0000 - 0x00007ffa7e620000 	C:\WINDOWS\System32\IMM32.DLL
0x0000000056ad0000 - 0x0000000056adc000 	C:\Program Files (x86)\360\Total Security\safemon\SafeWrapper.dll
0x00007ffa7f070000 - 0x00007ffa7f123000 	C:\WINDOWS\System32\ADVAPI32.dll
0x00007ffa7dc50000 - 0x00007ffa7dcef000 	C:\WINDOWS\System32\sechost.dll
0x00007ffa7d7f0000 - 0x00007ffa7d916000 	C:\WINDOWS\System32\RPCRT4.dll
0x00007ffa7d230000 - 0x00007ffa7d257000 	C:\WINDOWS\System32\bcrypt.dll
0x00007ff9f8190000 - 0x00007ff9f8222000 	C:\Program Files (x86)\360\Total Security\safemon\libzdtp64.dll
0x00007ffa7dd50000 - 0x00007ffa7e495000 	C:\WINDOWS\System32\SHELL32.dll
0x00007ffa7da40000 - 0x00007ffa7da95000 	C:\WINDOWS\System32\SHLWAPI.dll
0x00007ffa7c910000 - 0x00007ffa7c91a000 	C:\WINDOWS\SYSTEM32\VERSION.dll
0x00007ffa44650000 - 0x00007ffa446eb000 	C:\Users\hishh\.jdks\corretto-16.0.2\bin\msvcp140.dll
0x00007ffa16230000 - 0x00007ffa16e39000 	C:\Users\hishh\.jdks\corretto-16.0.2\bin\server\jvm.dll
0x00007ffa7f2d0000 - 0x00007ffa7f2d8000 	C:\WINDOWS\System32\PSAPI.DLL
0x00007ffa6d3b0000 - 0x00007ffa6d3d7000 	C:\WINDOWS\SYSTEM32\WINMM.dll
0x00007ffa68570000 - 0x00007ffa68579000 	C:\WINDOWS\SYSTEM32\WSOCK32.dll
0x00007ffa7e570000 - 0x00007ffa7e5db000 	C:\WINDOWS\System32\WS2_32.dll
0x00007ffa7b370000 - 0x00007ffa7b382000 	C:\WINDOWS\SYSTEM32\kernel.appcore.dll
0x00007ffa73ac0000 - 0x00007ffa73aca000 	C:\Users\hishh\.jdks\corretto-16.0.2\bin\jimage.dll
0x00007ffa7b080000 - 0x00007ffa7b264000 	C:\WINDOWS\SYSTEM32\DBGHELP.DLL
0x00007ffa73ad0000 - 0x00007ffa73b04000 	C:\WINDOWS\SYSTEM32\dbgcore.DLL
0x00007ffa7cdd0000 - 0x00007ffa7ce52000 	C:\WINDOWS\System32\bcryptPrimitives.dll
0x00007ffa73aa0000 - 0x00007ffa73aae000 	C:\Users\hishh\.jdks\corretto-16.0.2\bin\instrument.dll
0x00007ffa605d0000 - 0x00007ffa605f5000 	C:\Users\hishh\.jdks\corretto-16.0.2\bin\java.dll
0x00007ffa7a8e0000 - 0x00007ffa7b07b000 	C:\WINDOWS\SYSTEM32\windows.storage.dll
0x00007ffa7ed10000 - 0x00007ffa7f064000 	C:\WINDOWS\System32\combase.dll
0x00007ffa7c5a0000 - 0x00007ffa7c5cd000 	C:\WINDOWS\SYSTEM32\Wldp.dll
0x00007ffa7eaf0000 - 0x00007ffa7eb9d000 	C:\WINDOWS\System32\SHCORE.dll
0x00007ffa7cb10000 - 0x00007ffa7cb35000 	C:\WINDOWS\SYSTEM32\profapi.dll
0x00007ffa607f0000 - 0x00007ffa60808000 	C:\Users\hishh\.jdks\corretto-16.0.2\bin\zip.dll
0x00007ffa604f0000 - 0x00007ffa60509000 	C:\Users\hishh\.jdks\corretto-16.0.2\bin\net.dll
0x00007ffa74b20000 - 0x00007ffa74c2a000 	C:\WINDOWS\SYSTEM32\WINHTTP.dll
0x00007ffa7c2b0000 - 0x00007ffa7c31a000 	C:\WINDOWS\system32\mswsock.dll
0x00007ffa60370000 - 0x00007ffa60383000 	C:\Users\hishh\.jdks\corretto-16.0.2\bin\nio.dll

dbghelp: loaded successfully - version: 4.0.5 - missing functions: none
symbol engine: initialized successfully - sym options: 0x614 - pdb path: .;C:\Users\hishh\.jdks\corretto-16.0.2\bin;C:\WINDOWS\SYSTEM32;C:\Program Files\Avast Software\Avast;C:\WINDOWS\WinSxS\amd64_microsoft.windows.common-controls_6595b64144ccf1df_6.0.19041.3636_none_60b6a03d71f818d5;C:\Program Files (x86)\360\Total Security\safemon;C:\Users\hishh\.jdks\corretto-16.0.2\bin\server

VM Arguments:
jvm_args: -Dmaven.multiModuleProjectDirectory=C:\Users\hishh\IdeaProjects\Drawer -Dmaven.home=C:\Program Files\JetBrains\IntelliJ IDEA 2022.1.4\plugins\maven\lib\maven3 -Dclassworlds.conf=C:\Program Files\JetBrains\IntelliJ IDEA 2022.1.4\plugins\maven\lib\maven3\bin\m2.conf -Dmaven.ext.class.path=C:\Program Files\JetBrains\IntelliJ IDEA 2022.1.4\plugins\maven\lib\maven-event-listener.jar -javaagent:C:\Program Files\JetBrains\IntelliJ IDEA 2022.1.4\lib\idea_rt.jar=54476:C:\Program Files\JetBrains\IntelliJ IDEA 2022.1.4\bin -Dfile.encoding=UTF-8 
java_command: org.codehaus.classworlds.Launcher -Didea.version=2022.1.4 clean install
java_class_path (initial): C:\Program Files\JetBrains\IntelliJ IDEA 2022.1.4\plugins\maven\lib\maven3\boot\plexus-classworlds-2.6.0.jar;C:\Program Files\JetBrains\IntelliJ IDEA 2022.1.4\plugins\maven\lib\maven3\boot\plexus-classworlds.license
Launcher Type: SUN_STANDARD

[Global flags]
     intx CICompilerCount                          = 4                                         {product} {ergonomic}
     uint ConcGCThreads                            = 2                                         {product} {ergonomic}
     uint G1ConcRefinementThreads                  = 8                                         {product} {ergonomic}
   size_t G1HeapRegionSize                         = 2097152                                   {product} {ergonomic}
    uintx GCDrainStackTargetSize                   = 64                                        {product} {ergonomic}
   size_t InitialHeapSize                          = 266338304                                 {product} {ergonomic}
   size_t MarkStackSize                            = 4194304                                   {product} {ergonomic}
   size_t MaxHeapSize                              = 4250927104                                {product} {ergonomic}
   size_t MaxNewSize                               = 2550136832                                {product} {ergonomic}
   size_t MinHeapDeltaBytes                        = 2097152                                   {product} {ergonomic}
   size_t MinHeapSize                              = 8388608                                   {product} {ergonomic}
    uintx NonNMethodCodeHeapSize                   = 5839372                                {pd product} {ergonomic}
    uintx NonProfiledCodeHeapSize                  = 122909434                              {pd product} {ergonomic}
    uintx ProfiledCodeHeapSize                     = 122909434                              {pd product} {ergonomic}
    uintx ReservedCodeCacheSize                    = 251658240                              {pd product} {ergonomic}
     bool SegmentedCodeCache                       = true                                      {product} {ergonomic}
   size_t SoftMaxHeapSize                          = 4250927104                             {manageable} {ergonomic}
     bool UseCompressedClassPointers               = true                           {product lp64_product} {ergonomic}
     bool UseCompressedOops                        = true                           {product lp64_product} {ergonomic}
     bool UseG1GC                                  = true                                      {product} {ergonomic}
     bool UseLargePagesIndividualAllocation        = false                                  {pd product} {ergonomic}

Logging:
Log output configuration:
 #0: stdout all=warning uptime,level,tags
 #1: stderr all=off uptime,level,tags

Environment Variables:
JAVA_HOME=C:\Program Files\Java\jdk-14
PATH=C:\Program Files\NVIDIA GPU Computing Toolkit\CUDA\v12.2\bin;C:\Program Files\NVIDIA GPU Computing Toolkit\CUDA\v12.2\libnvvp;C:\Program Files\OpenJDK\jdk-8.0.362.09-hotspot\bin;C:\Program Files\Python310\Scripts\;C:\Program Files\Python310\;C:\Program Files\Common Files\Oracle\Java\javapath;C:\Program Files (x86)\Common Files\Oracle\Java\javapath;C:\Windows\system32;C:\Windows;C:\Windows\System32\Wbem;C:\Windows\System32\WindowsPowerShell\v1.0\;C:\Windows\System32\OpenSSH\;C:\Program Files (x86)\NVIDIA Corporation\PhysX\Common;C:\Program Files\NVIDIA Corporation\NVIDIA NvDLISR;C:\WINDOWS\system32;C:\WINDOWS;C:\WINDOWS\System32\Wbem;C:\WINDOWS\System32\WindowsPowerShell\v1.0\;C:\WINDOWS\System32\OpenSSH\;C:\Program Files\nodejs\;C:\Program Files\Git\cmd;C:\Users\hishh\Downloads\apache-maven-3.8.6-src;C:\Program Files\apache-maven-3.8.6-bin\apache-maven-3.8.6\bin;C:\Program Files\NVIDIA Corporation\Nsight Compute 2023.2.0\;C:\php;C:\ProgramData\ComposerSetup\bin;C:\Program Files\PuTTY\;C:\Users\hishh\AppData\Local\Microsoft\WindowsApps;C:\Users\hishh\AppData\Roaming\npm;C:\Users\hishh\AppData\Local\Programs\Microsoft VS Code\bin;C:\Program Files\New Relic\New Relic CLI\;C:\Users\hishh\AppData\Local\JetBrains\Toolbox\scripts;C:\Users\hishh\AppData\Roaming\Composer\vendor\bin
USERNAME=hishh
OS=Windows_NT
PROCESSOR_IDENTIFIER=Intel64 Family 6 Model 165 Stepping 2, GenuineIntel



---------------  S Y S T E M  ---------------

OS:
 Windows 10 , 64 bit Build 19041 (10.0.19041.3636)
OS uptime: 3 days 19:02 hours
Hyper-V role detected

CPU: total 8 (initial active 8) (4 cores per cpu, 2 threads per core) family 6 model 165 stepping 2 microcode 0xe2, cx8, cmov, fxsr, ht, mmx, 3dnowpref, sse, sse2, sse3, ssse3, sse4.1, sse4.2, popcnt, lzcnt, tsc, tscinvbit, avx, avx2, aes, erms, clmul, bmi1, bmi2, adx, fma, vzeroupper, clflush, clflushopt, hv

Memory: 4k page, system-wide physical 16215M (1024M free)
TotalPageFile size 65367M (AvailPageFile size 3M)
current process WorkingSet (physical memory assigned to process): 33M, peak: 33M
current process commit charge ("private bytes"): 337M, peak: 337M

vm_info: OpenJDK 64-Bit Server VM (16.0.2+7) for windows-amd64 JRE (16.0.2+7), built on Jul 22 2021 01:11:46 by "Administrator" with MS VC++ 15.9 (VS2017)

END.
